{"C:\\Users\\lenovo\\Desktop\\PROJECTS\\event-management-api-group6\\index.js":{"path":"C:\\Users\\lenovo\\Desktop\\PROJECTS\\event-management-api-group6\\index.js","statementMap":{"0":{"start":{"line":3,"column":29},"end":{"line":3,"column":84}},"1":{"start":{"line":5,"column":0},"end":{"line":7,"column":3}},"2":{"start":{"line":8,"column":0},"end":{"line":8,"column":28}},"3":{"start":{"line":10,"column":15},"end":{"line":10,"column":57}},"4":{"start":{"line":12,"column":14},"end":{"line":12,"column":55}},"5":{"start":{"line":14,"column":12},"end":{"line":14,"column":51}},"6":{"start":{"line":16,"column":17},"end":{"line":16,"column":74}},"7":{"start":{"line":18,"column":16},"end":{"line":18,"column":72}},"8":{"start":{"line":20,"column":14},"end":{"line":20,"column":68}},"9":{"start":{"line":22,"column":15},"end":{"line":22,"column":70}},"10":{"start":{"line":24,"column":20},"end":{"line":24,"column":52}},"11":{"start":{"line":27,"column":10},"end":{"line":27,"column":36}},"12":{"start":{"line":29,"column":0},"end":{"line":29,"column":33}},"13":{"start":{"line":31,"column":0},"end":{"line":31,"column":29}},"14":{"start":{"line":33,"column":0},"end":{"line":33,"column":36}},"15":{"start":{"line":34,"column":0},"end":{"line":36,"column":4}},"16":{"start":{"line":37,"column":0},"end":{"line":37,"column":41}},"17":{"start":{"line":39,"column":0},"end":{"line":39,"column":50}},"18":{"start":{"line":40,"column":0},"end":{"line":40,"column":43}},"19":{"start":{"line":41,"column":0},"end":{"line":41,"column":52}},"20":{"start":{"line":42,"column":0},"end":{"line":42,"column":45}},"21":{"start":{"line":43,"column":0},"end":{"line":49,"column":3}},"22":{"start":{"line":44,"column":2},"end":{"line":48,"column":5}},"23":{"start":{"line":50,"column":0},"end":{"line":52,"column":3}},"24":{"start":{"line":51,"column":2},"end":{"line":51,"column":94}},"25":{"start":{"line":53,"column":11},"end":{"line":53,"column":34}},"26":{"start":{"line":55,"column":0},"end":{"line":59,"column":1}},"27":{"start":{"line":56,"column":2},"end":{"line":58,"column":5}},"28":{"start":{"line":57,"column":4},"end":{"line":57,"column":56}},"29":{"start":{"line":62,"column":15},"end":{"line":62,"column":18}},"30":{"start":{"line":63,"column":0},"end":{"line":63,"column":30}}},"fnMap":{"0":{"name":"(anonymous_0)","decl":{"start":{"line":43,"column":13},"end":{"line":43,"column":14}},"loc":{"start":{"line":43,"column":33},"end":{"line":49,"column":1}},"line":43},"1":{"name":"(anonymous_1)","decl":{"start":{"line":50,"column":21},"end":{"line":50,"column":22}},"loc":{"start":{"line":50,"column":36},"end":{"line":52,"column":1}},"line":50},"2":{"name":"(anonymous_2)","decl":{"start":{"line":56,"column":19},"end":{"line":56,"column":20}},"loc":{"start":{"line":56,"column":31},"end":{"line":58,"column":3}},"line":56}},"branchMap":{"0":{"loc":{"start":{"line":53,"column":11},"end":{"line":53,"column":34}},"type":"binary-expr","locations":[{"start":{"line":53,"column":11},"end":{"line":53,"column":27}},{"start":{"line":53,"column":31},"end":{"line":53,"column":34}}],"line":53},"1":{"loc":{"start":{"line":55,"column":0},"end":{"line":59,"column":1}},"type":"if","locations":[{"start":{"line":55,"column":0},"end":{"line":59,"column":1}},{"start":{"line":55,"column":0},"end":{"line":59,"column":1}}],"line":55}},"s":{"0":1,"1":1,"2":1,"3":1,"4":1,"5":1,"6":1,"7":1,"8":1,"9":1,"10":1,"11":1,"12":1,"13":1,"14":1,"15":1,"16":1,"17":1,"18":1,"19":1,"20":1,"21":1,"22":1,"23":1,"24":0,"25":1,"26":1,"27":0,"28":0,"29":1,"30":1},"f":{"0":1,"1":0,"2":0},"b":{"0":[1,1],"1":[0,1]},"inputSourceMap":{"version":3,"sources":["index.js"],"names":["app","use","express","json","urlencoded","extended","auth","center","customer","booking","get","req","res","status","success","message","api_doc","redirect","port","process","env","PORT","module","parent","listen","console","log"],"mappings":";;;;;;;;;AAAA;;AACA;;AACA;;AAEA;;AACA;;AACA;;AACA;;AACA;;AAIA;AACA,IAAMA,GAAG,GAAG,0BAAZ,C,CAEA;;AACAA,GAAG,CAACC,GAAJ,CAAQ,uBAAR,E,CAEA;;AACA,6B,CAEA;;AACAD,GAAG,CAACC,GAAJ,CAAQC,oBAAQC,IAAR,EAAR;AACAH,GAAG,CAACC,GAAJ,CACEC,oBAAQE,UAAR,CAAmB;AACjBC,EAAAA,QAAQ,EAAE;AADO,CAAnB,CADF;AAKAL,GAAG,CAACC,GAAJ,CAAQ,wBAAO,MAAP,CAAR,E,CAEA;;AACAD,GAAG,CAACC,GAAJ,CAAQ,iBAAR,EAA2BK,qBAA3B;AACAN,GAAG,CAACC,GAAJ,CAAQ,aAAR,EAAuBM,kBAAvB;AACAP,GAAG,CAACC,GAAJ,CAAQ,oBAAR,EAA8BO,oBAA9B;AACAR,GAAG,CAACC,GAAJ,CAAQ,cAAR,EAAwBQ,mBAAxB;AAEAT,GAAG,CAACU,GAAJ,CAAQ,GAAR,EAAa,UAACC,GAAD,EAAMC,GAAN,EAAc;AACzBA,EAAAA,GAAG,CAACC,MAAJ,CAAW,GAAX,EAAgBV,IAAhB,CAAqB;AACnBW,IAAAA,OAAO,EAAE,IADU;AAEnBC,IAAAA,OAAO,EAAE,kDAFU;AAGnBC,IAAAA,OAAO,EAAE;AAHU,GAArB;AAKD,CAND;AASAhB,GAAG,CAACU,GAAJ,CAAQ,WAAR,EAAqB,UAACE,GAAD,EAAS;AAC5BA,EAAAA,GAAG,CAACK,QAAJ,CAAa,GAAb,EAAkB,wEAAlB;AACD,CAFD;AAKA,IAAMC,IAAI,GAAGC,OAAO,CAACC,GAAR,CAAYC,IAAZ,IAAoB,GAAjC;;AAEA,IAAI,CAACC,MAAM,CAACC,MAAZ,EAAoB;AAClBvB,EAAAA,GAAG,CAACwB,MAAJ,CAAWN,IAAX,EAAiB,YAAM;AACrBO,IAAAA,OAAO,CAACC,GAAR,kCAAsCR,IAAtC;AACD,GAFD;AAGD;;AAAA;eAGclB,G","sourceRoot":"C:\\Users\\lenovo\\Desktop\\PROJECTS\\event-management-api-group6\\","sourcesContent":["import express from \"express\";\r\nimport morgan from \"morgan\";\r\nimport cors from 'cors';\r\n\r\nimport auth from \"./routes/api/authAdmin\";\r\nimport customer from \"./routes/api/customer\";\r\nimport center from \"./routes/api/center\";\r\nimport booking from \"./routes/api/booking\";\r\nimport {\r\n  connect\r\n} from \"./config/dbconnection\";\r\n\r\n// App initalization\r\nconst app = express();\r\n\r\n// Enabling CORS\r\napp.use(cors());\r\n\r\n// Connecting to database\r\nconnect();\r\n\r\n// middlewares\r\napp.use(express.json());\r\napp.use(\r\n  express.urlencoded({\r\n    extended: true\r\n  })\r\n);\r\napp.use(morgan(\"tiny\"));\r\n\r\n// Routes\r\napp.use(\"/api/auth/admin\", auth);\r\napp.use(\"/api/center\", center);\r\napp.use(\"/api/auth/customer\", customer);\r\napp.use(\"/api/booking\", booking);\r\n\r\napp.get(\"/\", (req, res) => {\r\n  res.status(200).json({\r\n    success: true,\r\n    message: 'Hello there! Welcome to Magnitude Event Manager.',\r\n    api_doc: 'https://documenter.getpostman.com/view/6511530/T17NbQMH?version=latest'\r\n  })\r\n});\r\n\r\n\r\napp.get(\"/api-docs\", (res) => {\r\n  res.redirect(301, 'https://documenter.getpostman.com/view/6511530/T17NbQMH?version=latest');\r\n});\r\n\r\n\r\nconst port = process.env.PORT || 900;\r\n\r\nif (!module.parent) {\r\n  app.listen(port, () => {\r\n    console.log(`Server started on port ${port}`);\r\n  });\r\n};\r\n\r\n\r\nexport default app;"]},"_coverageSchema":"1a1c01bbd47fc00a2c39e90264f33305004495a9","hash":"8f1ea803986277b8bdc85eaa0337ad32f005b8ba","contentHash":"df95caf12e7ae0ba255973482473d00bc7ed84372293dfef305296c1d5f6b9ca"},"C:\\Users\\lenovo\\Desktop\\PROJECTS\\event-management-api-group6\\routes\\api\\authAdmin.js":{"path":"C:\\Users\\lenovo\\Desktop\\PROJECTS\\event-management-api-group6\\routes\\api\\authAdmin.js","statementMap":{"0":{"start":{"line":3,"column":29},"end":{"line":3,"column":84}},"1":{"start":{"line":5,"column":0},"end":{"line":7,"column":3}},"2":{"start":{"line":8,"column":0},"end":{"line":8,"column":28}},"3":{"start":{"line":10,"column":15},"end":{"line":10,"column":33}},"4":{"start":{"line":12,"column":27},"end":{"line":12,"column":75}},"5":{"start":{"line":14,"column":12},"end":{"line":14,"column":44}},"6":{"start":{"line":16,"column":24},"end":{"line":16,"column":88}},"7":{"start":{"line":18,"column":13},"end":{"line":18,"column":35}},"8":{"start":{"line":19,"column":0},"end":{"line":19,"column":97}},"9":{"start":{"line":20,"column":0},"end":{"line":20,"column":52}},"10":{"start":{"line":21,"column":0},"end":{"line":21,"column":78}},"11":{"start":{"line":22,"column":15},"end":{"line":22,"column":21}},"12":{"start":{"line":23,"column":0},"end":{"line":23,"column":30}}},"fnMap":{},"branchMap":{},"s":{"0":1,"1":1,"2":1,"3":1,"4":1,"5":1,"6":1,"7":1,"8":1,"9":1,"10":1,"11":1,"12":1},"f":{},"b":{},"inputSourceMap":{"version":3,"sources":["authAdmin.js"],"names":["router","post","parser","single","signUp","signIn","get","adminProtect","adminProfile"],"mappings":";;;;;;;;;AAAA;;AAIA;;AAKA;;AAGA;;AAEA,IAAMA,MAAM,GAAG,sBAAf;AAEAA,MAAM,CAACC,IAAP,CAAY,SAAZ,EAAuBC,6BAAOC,MAAP,CAAc,MAAd,CAAvB,EAA8CC,2BAA9C;AAEAJ,MAAM,CAACC,IAAP,CAAY,SAAZ,EAAuBI,2BAAvB;AACAL,MAAM,CAACM,GAAP,CAAW,UAAX,EAAuBC,kBAAvB,EAAqCC,iCAArC;eAGeR,M","sourceRoot":"C:\\Users\\lenovo\\Desktop\\PROJECTS\\event-management-api-group6\\routes\\api\\","sourcesContent":["import {\r\n  Router\r\n} from \"express\";\r\n\r\nimport {\r\n  signUp,\r\n  signIn,\r\n  adminProfile\r\n} from \"../../controllers/authAdminController\";\r\nimport {\r\n  adminProtect\r\n} from \"../../middleware/auth\";\r\nimport parser from \"../../config/cloudinaryConfig\";\r\n\r\nconst router = Router();\r\n\r\nrouter.post(\"/signup\", parser.single(\"logo\"), signUp);\r\n\r\nrouter.post(\"/signin\", signIn);\r\nrouter.get(\"/profile\", adminProtect, adminProfile);\r\n\r\n\r\nexport default router;"]},"_coverageSchema":"1a1c01bbd47fc00a2c39e90264f33305004495a9","hash":"2010d2a67016f9130d6bee257cb8d429792cc194","contentHash":"e9131823f7cfdb88a048309cd4614997ce02249bb6c0c22d86a2f5f70b7d25b2"},"C:\\Users\\lenovo\\Desktop\\PROJECTS\\event-management-api-group6\\controllers\\authAdminController.js":{"path":"C:\\Users\\lenovo\\Desktop\\PROJECTS\\event-management-api-group6\\controllers\\authAdminController.js","statementMap":{"0":{"start":{"line":3,"column":29},"end":{"line":3,"column":84}},"1":{"start":{"line":5,"column":0},"end":{"line":7,"column":3}},"2":{"start":{"line":8,"column":0},"end":{"line":8,"column":64}},"3":{"start":{"line":10,"column":19},"end":{"line":10,"column":80}},"4":{"start":{"line":12,"column":25},"end":{"line":12,"column":99}},"5":{"start":{"line":14,"column":16},"end":{"line":14,"column":59}},"6":{"start":{"line":16,"column":20},"end":{"line":16,"column":67}},"7":{"start":{"line":18,"column":14},"end":{"line":18,"column":31}},"8":{"start":{"line":20,"column":14},"end":{"line":20,"column":58}},"9":{"start":{"line":22,"column":0},"end":{"line":22,"column":22}},"10":{"start":{"line":24,"column":26},"end":{"line":183,"column":3}},"11":{"start":{"line":25,"column":13},"end":{"line":178,"column":5}},"12":{"start":{"line":28,"column":4},"end":{"line":177,"column":34}},"13":{"start":{"line":29,"column":6},"end":{"line":176,"column":7}},"14":{"start":{"line":30,"column":8},"end":{"line":175,"column":9}},"15":{"start":{"line":33,"column":12},"end":{"line":33,"column":297}},"16":{"start":{"line":34,"column":12},"end":{"line":34,"column":28}},"17":{"start":{"line":35,"column":12},"end":{"line":35,"column":55}},"18":{"start":{"line":37,"column":12},"end":{"line":40,"column":13}},"19":{"start":{"line":38,"column":14},"end":{"line":38,"column":32}},"20":{"start":{"line":39,"column":14},"end":{"line":39,"column":20}},"21":{"start":{"line":42,"column":12},"end":{"line":45,"column":16}},"22":{"start":{"line":48,"column":12},"end":{"line":51,"column":13}},"23":{"start":{"line":49,"column":14},"end":{"line":49,"column":32}},"24":{"start":{"line":50,"column":14},"end":{"line":50,"column":20}},"25":{"start":{"line":53,"column":12},"end":{"line":56,"column":16}},"26":{"start":{"line":59,"column":12},"end":{"line":62,"column":13}},"27":{"start":{"line":60,"column":14},"end":{"line":60,"column":32}},"28":{"start":{"line":61,"column":14},"end":{"line":61,"column":20}},"29":{"start":{"line":64,"column":12},"end":{"line":67,"column":16}},"30":{"start":{"line":70,"column":12},"end":{"line":73,"column":13}},"31":{"start":{"line":71,"column":14},"end":{"line":71,"column":33}},"32":{"start":{"line":72,"column":14},"end":{"line":72,"column":20}},"33":{"start":{"line":75,"column":12},"end":{"line":78,"column":16}},"34":{"start":{"line":81,"column":12},"end":{"line":84,"column":13}},"35":{"start":{"line":82,"column":14},"end":{"line":82,"column":33}},"36":{"start":{"line":83,"column":14},"end":{"line":83,"column":20}},"37":{"start":{"line":86,"column":12},"end":{"line":89,"column":16}},"38":{"start":{"line":92,"column":12},"end":{"line":92,"column":45}},"39":{"start":{"line":94,"column":12},"end":{"line":97,"column":13}},"40":{"start":{"line":95,"column":14},"end":{"line":95,"column":33}},"41":{"start":{"line":96,"column":14},"end":{"line":96,"column":20}},"42":{"start":{"line":99,"column":12},"end":{"line":102,"column":16}},"43":{"start":{"line":105,"column":12},"end":{"line":105,"column":173}},"44":{"start":{"line":107,"column":12},"end":{"line":110,"column":13}},"45":{"start":{"line":108,"column":14},"end":{"line":108,"column":33}},"46":{"start":{"line":109,"column":14},"end":{"line":109,"column":20}},"47":{"start":{"line":112,"column":12},"end":{"line":115,"column":16}},"48":{"start":{"line":118,"column":12},"end":{"line":118,"column":31}},"49":{"start":{"line":119,"column":12},"end":{"line":119,"column":31}},"50":{"start":{"line":120,"column":12},"end":{"line":124,"column":15}},"51":{"start":{"line":127,"column":12},"end":{"line":127,"column":41}},"52":{"start":{"line":129,"column":12},"end":{"line":132,"column":13}},"53":{"start":{"line":130,"column":14},"end":{"line":130,"column":33}},"54":{"start":{"line":131,"column":14},"end":{"line":131,"column":20}},"55":{"start":{"line":134,"column":12},"end":{"line":137,"column":16}},"56":{"start":{"line":140,"column":12},"end":{"line":140,"column":31}},"57":{"start":{"line":141,"column":12},"end":{"line":141,"column":59}},"58":{"start":{"line":144,"column":12},"end":{"line":144,"column":43}},"59":{"start":{"line":145,"column":12},"end":{"line":145,"column":31}},"60":{"start":{"line":146,"column":12},"end":{"line":155,"column":15}},"61":{"start":{"line":158,"column":12},"end":{"line":158,"column":37}},"62":{"start":{"line":159,"column":12},"end":{"line":162,"column":16}},"63":{"start":{"line":165,"column":12},"end":{"line":165,"column":31}},"64":{"start":{"line":166,"column":12},"end":{"line":166,"column":48}},"65":{"start":{"line":167,"column":12},"end":{"line":170,"column":16}},"66":{"start":{"line":174,"column":12},"end":{"line":174,"column":35}},"67":{"start":{"line":180,"column":2},"end":{"line":182,"column":4}},"68":{"start":{"line":181,"column":4},"end":{"line":181,"column":39}},"69":{"start":{"line":185,"column":0},"end":{"line":185,"column":24}},"70":{"start":{"line":187,"column":26},"end":{"line":291,"column":3}},"71":{"start":{"line":188,"column":14},"end":{"line":286,"column":5}},"72":{"start":{"line":191,"column":4},"end":{"line":285,"column":34}},"73":{"start":{"line":192,"column":6},"end":{"line":284,"column":7}},"74":{"start":{"line":193,"column":8},"end":{"line":283,"column":9}},"75":{"start":{"line":195,"column":12},"end":{"line":195,"column":92}},"76":{"start":{"line":197,"column":12},"end":{"line":200,"column":13}},"77":{"start":{"line":198,"column":14},"end":{"line":198,"column":33}},"78":{"start":{"line":199,"column":14},"end":{"line":199,"column":20}},"79":{"start":{"line":202,"column":12},"end":{"line":205,"column":16}},"80":{"start":{"line":208,"column":12},"end":{"line":208,"column":31}},"81":{"start":{"line":209,"column":12},"end":{"line":209,"column":31}},"82":{"start":{"line":210,"column":12},"end":{"line":214,"column":15}},"83":{"start":{"line":217,"column":12},"end":{"line":217,"column":42}},"84":{"start":{"line":219,"column":12},"end":{"line":222,"column":13}},"85":{"start":{"line":220,"column":14},"end":{"line":220,"column":33}},"86":{"start":{"line":221,"column":14},"end":{"line":221,"column":20}},"87":{"start":{"line":224,"column":12},"end":{"line":227,"column":16}},"88":{"start":{"line":231,"column":12},"end":{"line":231,"column":67}},"89":{"start":{"line":232,"column":12},"end":{"line":232,"column":55}},"90":{"start":{"line":233,"column":12},"end":{"line":233,"column":59}},"91":{"start":{"line":234,"column":12},"end":{"line":234,"column":32}},"92":{"start":{"line":235,"column":12},"end":{"line":235,"column":76}},"93":{"start":{"line":238,"column":12},"end":{"line":238,"column":43}},"94":{"start":{"line":240,"column":12},"end":{"line":243,"column":13}},"95":{"start":{"line":241,"column":14},"end":{"line":241,"column":34}},"96":{"start":{"line":242,"column":14},"end":{"line":242,"column":20}},"97":{"start":{"line":246,"column":12},"end":{"line":249,"column":14}},"98":{"start":{"line":251,"column":12},"end":{"line":260,"column":15}},"99":{"start":{"line":254,"column":14},"end":{"line":254,"column":33}},"100":{"start":{"line":254,"column":23},"end":{"line":254,"column":33}},"101":{"start":{"line":255,"column":14},"end":{"line":259,"column":17}},"102":{"start":{"line":262,"column":12},"end":{"line":262,"column":32}},"103":{"start":{"line":263,"column":12},"end":{"line":263,"column":18}},"104":{"start":{"line":266,"column":12},"end":{"line":269,"column":16}},"105":{"start":{"line":272,"column":12},"end":{"line":272,"column":32}},"106":{"start":{"line":273,"column":12},"end":{"line":273,"column":18}},"107":{"start":{"line":276,"column":12},"end":{"line":276,"column":32}},"108":{"start":{"line":277,"column":12},"end":{"line":277,"column":49}},"109":{"start":{"line":278,"column":12},"end":{"line":278,"column":66}},"110":{"start":{"line":282,"column":12},"end":{"line":282,"column":36}},"111":{"start":{"line":288,"column":2},"end":{"line":290,"column":4}},"112":{"start":{"line":289,"column":4},"end":{"line":289,"column":40}},"113":{"start":{"line":293,"column":0},"end":{"line":293,"column":24}},"114":{"start":{"line":295,"column":32},"end":{"line":335,"column":3}},"115":{"start":{"line":296,"column":14},"end":{"line":330,"column":5}},"116":{"start":{"line":297,"column":4},"end":{"line":329,"column":33}},"117":{"start":{"line":298,"column":6},"end":{"line":328,"column":7}},"118":{"start":{"line":299,"column":8},"end":{"line":327,"column":9}},"119":{"start":{"line":301,"column":12},"end":{"line":301,"column":31}},"120":{"start":{"line":302,"column":12},"end":{"line":317,"column":16}},"121":{"start":{"line":320,"column":12},"end":{"line":320,"column":31}},"122":{"start":{"line":321,"column":12},"end":{"line":321,"column":49}},"123":{"start":{"line":322,"column":12},"end":{"line":322,"column":49}},"124":{"start":{"line":326,"column":12},"end":{"line":326,"column":36}},"125":{"start":{"line":332,"column":2},"end":{"line":334,"column":4}},"126":{"start":{"line":333,"column":4},"end":{"line":333,"column":40}},"127":{"start":{"line":337,"column":0},"end":{"line":337,"column":36}}},"fnMap":{"0":{"name":"(anonymous_0)","decl":{"start":{"line":24,"column":26},"end":{"line":24,"column":27}},"loc":{"start":{"line":24,"column":38},"end":{"line":183,"column":1}},"line":24},"1":{"name":"_callee","decl":{"start":{"line":25,"column":100},"end":{"line":25,"column":107}},"loc":{"start":{"line":25,"column":124},"end":{"line":178,"column":3}},"line":25},"2":{"name":"_callee$","decl":{"start":{"line":28,"column":49},"end":{"line":28,"column":57}},"loc":{"start":{"line":28,"column":68},"end":{"line":177,"column":5}},"line":28},"3":{"name":"signUp","decl":{"start":{"line":180,"column":18},"end":{"line":180,"column":24}},"loc":{"start":{"line":180,"column":39},"end":{"line":182,"column":3}},"line":180},"4":{"name":"(anonymous_4)","decl":{"start":{"line":187,"column":26},"end":{"line":187,"column":27}},"loc":{"start":{"line":187,"column":38},"end":{"line":291,"column":1}},"line":187},"5":{"name":"_callee2","decl":{"start":{"line":188,"column":101},"end":{"line":188,"column":109}},"loc":{"start":{"line":188,"column":126},"end":{"line":286,"column":3}},"line":188},"6":{"name":"_callee2$","decl":{"start":{"line":191,"column":49},"end":{"line":191,"column":58}},"loc":{"start":{"line":191,"column":70},"end":{"line":285,"column":5}},"line":191},"7":{"name":"(anonymous_7)","decl":{"start":{"line":253,"column":15},"end":{"line":253,"column":16}},"loc":{"start":{"line":253,"column":37},"end":{"line":260,"column":13}},"line":253},"8":{"name":"signIn","decl":{"start":{"line":288,"column":18},"end":{"line":288,"column":24}},"loc":{"start":{"line":288,"column":40},"end":{"line":290,"column":3}},"line":288},"9":{"name":"(anonymous_9)","decl":{"start":{"line":295,"column":32},"end":{"line":295,"column":33}},"loc":{"start":{"line":295,"column":44},"end":{"line":335,"column":1}},"line":295},"10":{"name":"_callee3","decl":{"start":{"line":296,"column":101},"end":{"line":296,"column":109}},"loc":{"start":{"line":296,"column":126},"end":{"line":330,"column":3}},"line":296},"11":{"name":"_callee3$","decl":{"start":{"line":297,"column":49},"end":{"line":297,"column":58}},"loc":{"start":{"line":297,"column":70},"end":{"line":329,"column":5}},"line":297},"12":{"name":"adminProfile","decl":{"start":{"line":332,"column":18},"end":{"line":332,"column":30}},"loc":{"start":{"line":332,"column":46},"end":{"line":334,"column":3}},"line":332}},"branchMap":{"0":{"loc":{"start":{"line":30,"column":8},"end":{"line":175,"column":9}},"type":"switch","locations":[{"start":{"line":31,"column":10},"end":{"line":45,"column":16}},{"start":{"line":47,"column":10},"end":{"line":56,"column":16}},{"start":{"line":58,"column":10},"end":{"line":67,"column":16}},{"start":{"line":69,"column":10},"end":{"line":78,"column":16}},{"start":{"line":80,"column":10},"end":{"line":89,"column":16}},{"start":{"line":91,"column":10},"end":{"line":102,"column":16}},{"start":{"line":104,"column":10},"end":{"line":115,"column":16}},{"start":{"line":117,"column":10},"end":{"line":124,"column":15}},{"start":{"line":126,"column":10},"end":{"line":137,"column":16}},{"start":{"line":139,"column":10},"end":{"line":141,"column":59}},{"start":{"line":143,"column":10},"end":{"line":155,"column":15}},{"start":{"line":157,"column":10},"end":{"line":162,"column":16}},{"start":{"line":164,"column":10},"end":{"line":170,"column":16}},{"start":{"line":172,"column":10},"end":{"line":172,"column":18}},{"start":{"line":173,"column":10},"end":{"line":174,"column":35}}],"line":30},"1":{"loc":{"start":{"line":37,"column":12},"end":{"line":40,"column":13}},"type":"if","locations":[{"start":{"line":37,"column":12},"end":{"line":40,"column":13}},{"start":{"line":37,"column":12},"end":{"line":40,"column":13}}],"line":37},"2":{"loc":{"start":{"line":48,"column":12},"end":{"line":51,"column":13}},"type":"if","locations":[{"start":{"line":48,"column":12},"end":{"line":51,"column":13}},{"start":{"line":48,"column":12},"end":{"line":51,"column":13}}],"line":48},"3":{"loc":{"start":{"line":59,"column":12},"end":{"line":62,"column":13}},"type":"if","locations":[{"start":{"line":59,"column":12},"end":{"line":62,"column":13}},{"start":{"line":59,"column":12},"end":{"line":62,"column":13}}],"line":59},"4":{"loc":{"start":{"line":70,"column":12},"end":{"line":73,"column":13}},"type":"if","locations":[{"start":{"line":70,"column":12},"end":{"line":73,"column":13}},{"start":{"line":70,"column":12},"end":{"line":73,"column":13}}],"line":70},"5":{"loc":{"start":{"line":70,"column":18},"end":{"line":70,"column":126}},"type":"binary-expr","locations":[{"start":{"line":70,"column":18},"end":{"line":70,"column":28}},{"start":{"line":70,"column":32},"end":{"line":70,"column":41}},{"start":{"line":70,"column":45},"end":{"line":70,"column":53}},{"start":{"line":70,"column":57},"end":{"line":70,"column":66}},{"start":{"line":70,"column":70},"end":{"line":70,"column":86}},{"start":{"line":70,"column":90},"end":{"line":70,"column":103}},{"start":{"line":70,"column":107},"end":{"line":70,"column":116}},{"start":{"line":70,"column":120},"end":{"line":70,"column":126}}],"line":70},"6":{"loc":{"start":{"line":81,"column":12},"end":{"line":84,"column":13}},"type":"if","locations":[{"start":{"line":81,"column":12},"end":{"line":84,"column":13}},{"start":{"line":81,"column":12},"end":{"line":84,"column":13}}],"line":81},"7":{"loc":{"start":{"line":94,"column":12},"end":{"line":97,"column":13}},"type":"if","locations":[{"start":{"line":94,"column":12},"end":{"line":97,"column":13}},{"start":{"line":94,"column":12},"end":{"line":97,"column":13}}],"line":94},"8":{"loc":{"start":{"line":94,"column":18},"end":{"line":94,"column":72}},"type":"binary-expr","locations":[{"start":{"line":94,"column":18},"end":{"line":94,"column":43}},{"start":{"line":94,"column":47},"end":{"line":94,"column":72}}],"line":94},"9":{"loc":{"start":{"line":107,"column":12},"end":{"line":110,"column":13}},"type":"if","locations":[{"start":{"line":107,"column":12},"end":{"line":110,"column":13}},{"start":{"line":107,"column":12},"end":{"line":110,"column":13}}],"line":107},"10":{"loc":{"start":{"line":129,"column":12},"end":{"line":132,"column":13}},"type":"if","locations":[{"start":{"line":129,"column":12},"end":{"line":132,"column":13}},{"start":{"line":129,"column":12},"end":{"line":132,"column":13}}],"line":129},"11":{"loc":{"start":{"line":193,"column":8},"end":{"line":283,"column":9}},"type":"switch","locations":[{"start":{"line":194,"column":10},"end":{"line":205,"column":16}},{"start":{"line":207,"column":10},"end":{"line":214,"column":15}},{"start":{"line":216,"column":10},"end":{"line":227,"column":16}},{"start":{"line":229,"column":10},"end":{"line":235,"column":76}},{"start":{"line":237,"column":10},"end":{"line":263,"column":18}},{"start":{"line":265,"column":10},"end":{"line":269,"column":16}},{"start":{"line":271,"column":10},"end":{"line":273,"column":18}},{"start":{"line":275,"column":10},"end":{"line":278,"column":66}},{"start":{"line":280,"column":10},"end":{"line":280,"column":18}},{"start":{"line":281,"column":10},"end":{"line":282,"column":36}}],"line":193},"12":{"loc":{"start":{"line":197,"column":12},"end":{"line":200,"column":13}},"type":"if","locations":[{"start":{"line":197,"column":12},"end":{"line":200,"column":13}},{"start":{"line":197,"column":12},"end":{"line":200,"column":13}}],"line":197},"13":{"loc":{"start":{"line":197,"column":18},"end":{"line":197,"column":37}},"type":"binary-expr","locations":[{"start":{"line":197,"column":18},"end":{"line":197,"column":24}},{"start":{"line":197,"column":28},"end":{"line":197,"column":37}}],"line":197},"14":{"loc":{"start":{"line":219,"column":12},"end":{"line":222,"column":13}},"type":"if","locations":[{"start":{"line":219,"column":12},"end":{"line":222,"column":13}},{"start":{"line":219,"column":12},"end":{"line":222,"column":13}}],"line":219},"15":{"loc":{"start":{"line":240,"column":12},"end":{"line":243,"column":13}},"type":"if","locations":[{"start":{"line":240,"column":12},"end":{"line":243,"column":13}},{"start":{"line":240,"column":12},"end":{"line":243,"column":13}}],"line":240},"16":{"loc":{"start":{"line":254,"column":14},"end":{"line":254,"column":33}},"type":"if","locations":[{"start":{"line":254,"column":14},"end":{"line":254,"column":33}},{"start":{"line":254,"column":14},"end":{"line":254,"column":33}}],"line":254},"17":{"loc":{"start":{"line":299,"column":8},"end":{"line":327,"column":9}},"type":"switch","locations":[{"start":{"line":300,"column":10},"end":{"line":317,"column":16}},{"start":{"line":319,"column":10},"end":{"line":322,"column":49}},{"start":{"line":324,"column":10},"end":{"line":324,"column":17}},{"start":{"line":325,"column":10},"end":{"line":326,"column":36}}],"line":299}},"s":{"0":1,"1":1,"2":1,"3":1,"4":1,"5":1,"6":1,"7":1,"8":1,"9":1,"10":1,"11":1,"12":5,"13":14,"14":40,"15":5,"16":5,"17":5,"18":5,"19":4,"20":4,"21":1,"22":4,"23":4,"24":4,"25":0,"26":4,"27":4,"28":4,"29":0,"30":4,"31":4,"32":4,"33":0,"34":4,"35":4,"36":4,"37":0,"38":4,"39":4,"40":3,"41":3,"42":1,"43":3,"44":3,"45":2,"46":2,"47":1,"48":2,"49":2,"50":2,"51":2,"52":2,"53":1,"54":1,"55":1,"56":1,"57":1,"58":1,"59":1,"60":1,"61":1,"62":1,"63":0,"64":0,"65":0,"66":5,"67":1,"68":5,"69":1,"70":1,"71":1,"72":1,"73":3,"74":7,"75":1,"76":1,"77":1,"78":1,"79":0,"80":1,"81":1,"82":1,"83":1,"84":1,"85":1,"86":1,"87":0,"88":1,"89":1,"90":1,"91":1,"92":1,"93":1,"94":1,"95":0,"96":0,"97":1,"98":1,"99":1,"100":0,"101":1,"102":1,"103":1,"104":0,"105":1,"106":1,"107":0,"108":0,"109":0,"110":1,"111":1,"112":1,"113":1,"114":1,"115":1,"116":1,"117":2,"118":2,"119":1,"120":1,"121":0,"122":0,"123":0,"124":1,"125":1,"126":1,"127":1},"f":{"0":1,"1":5,"2":14,"3":5,"4":1,"5":1,"6":3,"7":1,"8":1,"9":1,"10":1,"11":2,"12":1},"b":{"0":[5,4,4,4,4,4,3,2,2,1,1,1,0,0,5],"1":[4,1],"2":[4,0],"3":[4,0],"4":[4,0],"5":[4,4,4,4,4,4,4,4],"6":[4,0],"7":[3,1],"8":[4,3],"9":[2,1],"10":[1,1],"11":[1,1,1,1,1,0,1,0,1,1],"12":[1,0],"13":[1,1],"14":[1,0],"15":[0,1],"16":[0,1],"17":[1,0,0,1]},"inputSourceMap":{"version":3,"sources":["authAdminController.js"],"names":["signUp","req","res","next","body","firstName","lastName","address","email","password","confirmPassword","businessName","phoneNum","logo","file","allowedTypes","undefined","status","json","message","size","indexOf","mimetype","phoneNumStr","split","length","match","re","test","models","Manager","findAll","where","checkMangers","bcrypt","hash","hashedPassword","create","path","managers","error","signIn","managerExist","manager_password","dataValues","manager_id","id","manager_role","role","compare","passwordMatch","payload","jwt","sign","process","env","JWT_SECRET","expiresIn","err","token","adminProfile","success","profile","user","firstname","lastname","phone_number","business_name","register_date","createdAt","console","log"],"mappings":";;;;;;;;;;;;;AAAA;;AACA;;AACA;;AAGA;;AAEA;;AAEA,IAAMA,MAAM;AAAA,2FAAG,iBAAOC,GAAP,EAAYC,GAAZ,EAAiBC,IAAjB;AAAA;;AAAA;AAAA;AAAA;AAAA;AACb;AADa,wBAWTF,GAAG,CAACG,IAXK,EAGXC,SAHW,aAGXA,SAHW,EAIXC,QAJW,aAIXA,QAJW,EAKXC,OALW,aAKXA,OALW,EAMXC,KANW,aAMXA,KANW,EAOXC,QAPW,aAOXA,QAPW,EAQXC,eARW,aAQXA,eARW,EASXC,YATW,aASXA,YATW,EAUXC,QAVW,aAUXA,QAVW;AAaPC,YAAAA,IAbO,GAaAZ,GAAG,CAACa,IAbJ;AAcPC,YAAAA,YAdO,GAcQ,CAAC,WAAD,EAAc,YAAd,CAdR;;AAAA,kBAeTF,IAAI,KAAKG,SAfA;AAAA;AAAA;AAAA;;AAAA,6CAgBJd,GAAG,CAACe,MAAJ,CAAW,GAAX,EAAgBC,IAAhB,CAAqB;AAC1BD,cAAAA,MAAM,EAAE,GADkB;AAE1BE,cAAAA,OAAO,EAAE;AAFiB,aAArB,CAhBI;;AAAA;AAAA,kBAqBTN,IAAI,CAACO,IAAL,GAAY,OArBH;AAAA;AAAA;AAAA;;AAAA,6CAsBJlB,GAAG,CAACe,MAAJ,CAAW,GAAX,EAAgBC,IAAhB,CAAqB;AAC1BD,cAAAA,MAAM,EAAE,GADkB;AAE1BE,cAAAA,OAAO,EAAE;AAFiB,aAArB,CAtBI;;AAAA;AAAA,kBA2BTJ,YAAY,CAACM,OAAb,CAAqBR,IAAI,CAACS,QAA1B,MAAwC,CAAC,CA3BhC;AAAA;AAAA;AAAA;;AAAA,6CA4BJpB,GAAG,CAACe,MAAJ,CAAW,GAAX,EAAgBC,IAAhB,CAAqB;AAC1BD,cAAAA,MAAM,EAAE,GADkB;AAE1BE,cAAAA,OAAO,EAAE;AAFiB,aAArB,CA5BI;;AAAA;AAAA,kBAiCT,CAACd,SAAD,IAAc,CAACC,QAAf,IAA2B,CAACC,OAA5B,IAAuC,CAACE,QAAxC,IAAoD,CAACC,eAArD,IAAwE,CAACC,YAAzE,IAAyF,CAACC,QAA1F,IAAsG,CAACJ,KAjC9F;AAAA;AAAA;AAAA;;AAAA,6CAkCJN,GAAG,CAACe,MAAJ,CAAW,GAAX,EAAgBC,IAAhB,CAAqB;AAC1BD,cAAAA,MAAM,EAAE,GADkB;AAE1BE,cAAAA,OAAO,EAAE;AAFiB,aAArB,CAlCI;;AAAA;AAAA,kBAuCTV,QAAQ,KAAKC,eAvCJ;AAAA;AAAA;AAAA;;AAAA,6CAwCJR,GAAG,CAACe,MAAJ,CAAW,GAAX,EAAgBC,IAAhB,CAAqB;AAC1BD,cAAAA,MAAM,EAAE,GADkB;AAE1BE,cAAAA,OAAO,EAAE;AAFiB,aAArB,CAxCI;;AAAA;AA6CPI,YAAAA,WA7CO,GA6COX,QAAQ,CAACY,KAAT,CAAe,EAAf,CA7CP;;AAAA,kBA8CTD,WAAW,CAACE,MAAZ,KAAuB,EAAvB,IAA6Bb,QAAQ,CAACc,KAAT,CAAe,SAAf,CA9CpB;AAAA;AAAA;AAAA;;AAAA,6CA+CJxB,GAAG,CAACe,MAAJ,CAAW,GAAX,EAAgBC,IAAhB,CAAqB;AAC1BD,cAAAA,MAAM,EAAE,GADkB;AAE1BE,cAAAA,OAAO,EAAE;AAFiB,aAArB,CA/CI;;AAAA;AAoDPQ,YAAAA,EApDO,GAoDF,2JApDE;;AAAA,gBAqDRA,EAAE,CAACC,IAAH,CAAQpB,KAAR,CArDQ;AAAA;AAAA;AAAA;;AAAA,6CAsDJN,GAAG,CAACe,MAAJ,CAAW,GAAX,EAAgBC,IAAhB,CAAqB;AAC1BD,cAAAA,MAAM,EAAE,GADkB;AAE1BE,cAAAA,OAAO,EAAE;AAFiB,aAArB,CAtDI;;AAAA;AAAA;AAAA;AAAA,mBA4DgBU,mBAAOC,OAAP,CAAeC,OAAf,CAAuB;AAChDC,cAAAA,KAAK,EAAE;AACLxB,gBAAAA,KAAK,EAALA;AADK;AADyC,aAAvB,CA5DhB;;AAAA;AA4DLyB,YAAAA,YA5DK;;AAAA,kBAiENA,YAAY,CAACR,MAAb,GAAsB,CAjEhB;AAAA;AAAA;AAAA;;AAAA,6CAkEFvB,GAAG,CAACe,MAAJ,CAAW,GAAX,EAAgBC,IAAhB,CAAqB;AAC1BD,cAAAA,MAAM,EAAE,GADkB;AAE1BE,cAAAA,OAAO,EAAE;AAFiB,aAArB,CAlEE;;AAAA;AAAA;AAAA,mBAuEkBe,qBAAOC,IAAP,CAAY1B,QAAZ,EAAsB,EAAtB,CAvElB;;AAAA;AAuEL2B,YAAAA,cAvEK;AAAA;AAAA,mBAyEYP,mBAAOC,OAAP,CAAeO,MAAf,CAAsB;AAC3ChC,cAAAA,SAAS,EAATA,SAD2C;AAE3CC,cAAAA,QAAQ,EAARA,QAF2C;AAG3CC,cAAAA,OAAO,EAAPA,OAH2C;AAI3CC,cAAAA,KAAK,EAALA,KAJ2C;AAK3CC,cAAAA,QAAQ,EAAE2B,cALiC;AAM3CzB,cAAAA,YAAY,EAAZA,YAN2C;AAO3CC,cAAAA,QAAQ,EAARA,QAP2C;AAQ3CC,cAAAA,IAAI,EAAEA,IAAI,CAACyB;AARgC,aAAtB,CAzEZ;;AAAA;AAyELC,YAAAA,QAzEK;AAAA,6CAoFJrC,GAAG,CAACe,MAAJ,CAAW,GAAX,EAAgBC,IAAhB,CAAqB;AAC1BD,cAAAA,MAAM,EAAE,GADkB;AAE1BE,cAAAA,OAAO,EAAE;AAFiB,aAArB,CApFI;;AAAA;AAAA;AAAA;AAAA,6CA0FJjB,GAAG,CAACe,MAAJ,CAAW,GAAX,EAAgBC,IAAhB,CAAqB;AAC1BD,cAAAA,MAAM,EAAE,GADkB;AAE1BuB,cAAAA,KAAK,EAAE;AAFmB,aAArB,CA1FI;;AAAA;AAAA;AAAA;AAAA;AAAA;AAAA;AAAA,GAAH;;AAAA,kBAANxC,MAAM;AAAA;AAAA;AAAA,GAAZ;;;;AAiGA,IAAMyC,MAAM;AAAA,4FAAG,kBAAOxC,GAAP,EAAYC,GAAZ,EAAiBC,IAAjB;AAAA;;AAAA;AAAA;AAAA;AAAA;AAAA,yBAITF,GAAG,CAACG,IAJK,EAEXI,KAFW,cAEXA,KAFW,EAGXC,QAHW,cAGXA,QAHW,EAKb;;AALa,kBAMT,CAACD,KAAD,IAAU,CAACC,QANF;AAAA;AAAA;AAAA;;AAAA,8CAOJP,GAAG,CAACe,MAAJ,CAAW,GAAX,EAAgBC,IAAhB,CAAqB;AAC1BD,cAAAA,MAAM,EAAE,GADkB;AAE1BE,cAAAA,OAAO,EAAE;AAFiB,aAArB,CAPI;;AAAA;AAAA;AAAA;AAAA,mBAagBU,mBAAOC,OAAP,CAAeC,OAAf,CAAuB;AAChDC,cAAAA,KAAK,EAAE;AACLxB,gBAAAA,KAAK,EAALA;AADK;AADyC,aAAvB,CAbhB;;AAAA;AAaLkC,YAAAA,YAbK;;AAAA,kBAkBPA,YAAY,CAACjB,MAAb,GAAsB,CAlBf;AAAA;AAAA;AAAA;;AAAA,8CAmBFvB,GAAG,CAACe,MAAJ,CAAW,GAAX,EAAgBC,IAAhB,CAAqB;AAC1BD,cAAAA,MAAM,EAAE,GADkB;AAE1BE,cAAAA,OAAO,EAAE;AAFiB,aAArB,CAnBE;;AAAA;AAwBX;AACMwB,YAAAA,gBAzBK,GAyBcD,YAAY,CAAC,CAAD,CAAZ,CAAgBE,UAAhB,CAA2BnC,QAzBzC;AA0BLoC,YAAAA,UA1BK,GA0BQH,YAAY,CAAC,CAAD,CAAZ,CAAgBE,UAAhB,CAA2BE,EA1BnC;AA2BLC,YAAAA,YA3BK,GA2BUL,YAAY,CAAC,CAAD,CAAZ,CAAgBE,UAAhB,CAA2BI,IA3BrC;AAAA;AAAA,mBA6BiBd,qBAAOe,OAAP,CAAexC,QAAf,EAAyBkC,gBAAzB,CA7BjB;;AAAA;AA6BLO,YAAAA,aA7BK;;AAAA,iBA8BPA,aA9BO;AAAA;AAAA;AAAA;;AA+BT;AACMC,YAAAA,OAhCG,GAgCO;AACdL,cAAAA,EAAE,EAAED,UADU;AAEdG,cAAAA,IAAI,EAAED;AAFQ,aAhCP,EAoCT;;AACAK,qCAAIC,IAAJ,CAASF,OAAT,EAAkBG,OAAO,CAACC,GAAR,CAAYC,UAA9B,EAA0C;AACxCC,cAAAA,SAAS,EAAE;AAD6B,aAA1C,EAEG,UAACC,GAAD,EAAMC,KAAN,EAAgB;AACjB,kBAAID,GAAJ,EAAS,MAAMA,GAAN;AACT,qBAAOxD,GAAG,CAACe,MAAJ,CAAW,GAAX,EAAgBC,IAAhB,CAAqB;AAC1BD,gBAAAA,MAAM,EAAE,GADkB;AAE1BE,gBAAAA,OAAO,EAAE,kBAFiB;AAG1BwC,gBAAAA,KAAK,mBAAYA,KAAZ;AAHqB,eAArB,CAAP;AAKD,aATD;;AArCS;AAAA;;AAAA;AAAA,8CAgDFzD,GAAG,CAACe,MAAJ,CAAW,GAAX,EAAgBC,IAAhB,CAAqB;AAC1BD,cAAAA,MAAM,EAAE,GADkB;AAE1BE,cAAAA,OAAO,EAAE;AAFiB,aAArB,CAhDE;;AAAA;AAAA;AAAA;;AAAA;AAAA;AAAA;AAAA,8CAsDJhB,IAAI,cAtDA;;AAAA;AAAA;AAAA;AAAA;AAAA;AAAA;AAAA,GAAH;;AAAA,kBAANsC,MAAM;AAAA;AAAA;AAAA,GAAZ;;;;AA0DA,IAAMmB,YAAY;AAAA,4FAAG,kBAAO3D,GAAP,EAAYC,GAAZ,EAAiBC,IAAjB;AAAA;AAAA;AAAA;AAAA;AAAA;AAAA,8CAEVD,GAAG,CAACe,MAAJ,CAAW,GAAX,EAAgBC,IAAhB,CAAqB;AAC1B2C,cAAAA,OAAO,EAAE,IADiB;AAE1B1C,cAAAA,OAAO,EAAE,eAFiB;AAG1B2C,cAAAA,OAAO,EAAE;AACPhB,gBAAAA,EAAE,EAAE7C,GAAG,CAAC8D,IAAJ,CAASjB,EADN;AAEPkB,gBAAAA,SAAS,EAAE/D,GAAG,CAAC8D,IAAJ,CAAS1D,SAFb;AAGP4D,gBAAAA,QAAQ,EAAEhE,GAAG,CAAC8D,IAAJ,CAASzD,QAHZ;AAIPE,gBAAAA,KAAK,EAAEP,GAAG,CAAC8D,IAAJ,CAASvD,KAJT;AAKP0D,gBAAAA,YAAY,EAAEjE,GAAG,CAAC8D,IAAJ,CAASnD,QALhB;AAMPoC,gBAAAA,IAAI,EAAE/C,GAAG,CAAC8D,IAAJ,CAASf,IANR;AAOPmB,gBAAAA,aAAa,EAAElE,GAAG,CAAC8D,IAAJ,CAASpD,YAPjB;AAQPJ,gBAAAA,OAAO,EAAEN,GAAG,CAAC8D,IAAJ,CAASxD,OARX;AASPM,gBAAAA,IAAI,EAAEZ,GAAG,CAAC8D,IAAJ,CAASlD,IATR;AAUPuD,gBAAAA,aAAa,EAAEnE,GAAG,CAAC8D,IAAJ,CAASM;AAVjB;AAHiB,aAArB,CAFU;;AAAA;AAAA;AAAA;AAmBjBC,YAAAA,OAAO,CAACC,GAAR,CAAY,SAAZ;;AAnBiB;AAAA;AAAA;AAAA;AAAA;AAAA;AAAA,GAAH;;AAAA,kBAAZX,YAAY;AAAA;AAAA;AAAA,GAAlB","sourceRoot":"C:\\Users\\lenovo\\Desktop\\PROJECTS\\event-management-api-group6\\controllers\\","sourcesContent":["import bcrypt from 'bcryptjs';\r\nimport jwt from 'jsonwebtoken';\r\nimport {\r\n  config\r\n} from 'dotenv';\r\nimport models from '../models';\r\n\r\nconfig();\r\n\r\nconst signUp = async (req, res, next) => {\r\n  // destructuring data coming from the user\r\n  const {\r\n    firstName,\r\n    lastName,\r\n    address,\r\n    email,\r\n    password,\r\n    confirmPassword,\r\n    businessName,\r\n    phoneNum,\r\n  } = req.body;\r\n\r\n  const logo = req.file;\r\n  const allowedTypes = ['image/png', 'image/jpeg'];\r\n  if (logo === undefined) {\r\n    return res.status(400).json({\r\n      status: 400,\r\n      message: 'Please upload a logo for your event center',\r\n    });\r\n  }\r\n  if (logo.size > 2000000) {\r\n    return res.status(400).json({\r\n      status: 400,\r\n      message: 'Logo must be less than 2mb',\r\n    });\r\n  }\r\n  if (allowedTypes.indexOf(logo.mimetype) === -1) {\r\n    return res.status(400).json({\r\n      status: 400,\r\n      message: 'Please upload a jpg, jpeg or png file',\r\n    });\r\n  }\r\n  if (!firstName || !lastName || !address || !password || !confirmPassword || !businessName || !phoneNum || !email) {\r\n    return res.status(400).json({\r\n      status: 400,\r\n      message: 'All fields must be filled',\r\n    });\r\n  }\r\n  if (password !== confirmPassword) {\r\n    return res.status(400).json({\r\n      status: 400,\r\n      message: 'Password do not match',\r\n    });\r\n  }\r\n  const phoneNumStr = phoneNum.split('');\r\n  if (phoneNumStr.length !== 11 || phoneNum.match(/[^0-9]/g)) {\r\n    return res.status(400).json({\r\n      status: 400,\r\n      message: 'Phone number must be a number not less than 11 characters',\r\n    });\r\n  }\r\n  const re = /^(([^<>()[\\]\\\\.,;:\\s@\\\"]+(\\.[^<>()[\\]\\\\.,;:\\s@\\\"]+)*)|(\\\".+\\\"))@((\\[[0-9]{1,3}\\.[0-9]{1,3}\\.[0-9]{1,3}\\.[0-9]{1,3}\\])|(([a-zA-Z\\-0-9]+\\.)+[a-zA-Z]{2,}))$/;\r\n  if (!re.test(email)) {\r\n    return res.status(400).json({\r\n      status: 400,\r\n      message: 'Email do not match correct format',\r\n    });\r\n  }\r\n  try {\r\n    const checkMangers = await models.Manager.findAll({\r\n      where: {\r\n        email\r\n      },\r\n    });\r\n    if ((checkMangers.length > 0)) {\r\n      return res.status(400).json({\r\n        status: 400,\r\n        message: 'User already exist please log in or check credentials passed',\r\n      });\r\n    }\r\n    const hashedPassword = await bcrypt.hash(password, 10);\r\n    // Create submit records to the db once validated and password hased\r\n    const managers = await models.Manager.create({\r\n      firstName,\r\n      lastName,\r\n      address,\r\n      email,\r\n      password: hashedPassword,\r\n      businessName,\r\n      phoneNum,\r\n      logo: logo.path,\r\n    });\r\n    // return a success message on completion\r\n    return res.status(200).json({\r\n      status: 200,\r\n      message: 'Account created successfully',\r\n    });\r\n  } catch (error) {\r\n    // return an error message on failure\r\n    return res.status(500).json({\r\n      status: 500,\r\n      error: 'Unable to create user at the moment',\r\n    });\r\n  }\r\n};\r\n\r\nconst signIn = async (req, res, next) => {\r\n  const {\r\n    email,\r\n    password\r\n  } = req.body;\r\n  // check if user inputs email or password\r\n  if (!email || !password) {\r\n    return res.status(400).json({\r\n      status: 400,\r\n      message: 'Please enter valid credentials',\r\n    });\r\n  }\r\n  try {\r\n    const managerExist = await models.Manager.findAll({\r\n      where: {\r\n        email\r\n      }\r\n    }); // check if user exist\r\n    if (managerExist.length < 1) {\r\n      return res.status(404).json({\r\n        status: 404,\r\n        message: 'User does not exist! Please check your signin details',\r\n      });\r\n    }\r\n    // extracting relevant information from user database\r\n    const manager_password = managerExist[0].dataValues.password;\r\n    const manager_id = managerExist[0].dataValues.id;\r\n    const manager_role = managerExist[0].dataValues.role;\r\n\r\n    const passwordMatch = await bcrypt.compare(password, manager_password); // returns true or false\r\n    if (passwordMatch) {\r\n      // defining the contents of the payload\r\n      const payload = {\r\n        id: manager_id,\r\n        role: manager_role\r\n      };\r\n      // signing the token\r\n      jwt.sign(payload, process.env.JWT_SECRET, {\r\n        expiresIn: 10800000\r\n      }, (err, token) => {\r\n        if (err) throw err;\r\n        return res.status(200).json({\r\n          status: 200,\r\n          message: 'Login successful',\r\n          token: `Bearer ${token}`,\r\n        });\r\n      });\r\n    } else {\r\n      return res.status(400).json({\r\n        status: 400,\r\n        message: 'Incorrect Credentials',\r\n      });\r\n    }\r\n  } catch (error) {\r\n    return next(error);\r\n  }\r\n};\r\n\r\nconst adminProfile = async (req, res, next) => {\r\n  try {\r\n    return res.status(200).json({\r\n      success: true,\r\n      message: 'Welcome Admin',\r\n      profile: {\r\n        id: req.user.id,\r\n        firstname: req.user.firstName,\r\n        lastname: req.user.lastName,\r\n        email: req.user.email,\r\n        phone_number: req.user.phoneNum,\r\n        role: req.user.role,\r\n        business_name: req.user.businessName,\r\n        address: req.user.address,\r\n        logo: req.user.logo,\r\n        register_date: req.user.createdAt,\r\n      }\r\n    });\r\n  } catch (error) {\r\n    console.log('Error: ', error);\r\n  }\r\n\r\n}\r\n\r\nexport {\r\n  signUp,\r\n  signIn,\r\n  adminProfile\r\n};"]},"_coverageSchema":"1a1c01bbd47fc00a2c39e90264f33305004495a9","hash":"53749e9481791c066e85700992df838334ea7c8d","contentHash":"233d3a8c3435b290ad69b188a2c206c99b51b7ef8e5809753f7720598d1f824e"},"C:\\Users\\lenovo\\Desktop\\PROJECTS\\event-management-api-group6\\models\\index.js":{"path":"C:\\Users\\lenovo\\Desktop\\PROJECTS\\event-management-api-group6\\models\\index.js","statementMap":{"0":{"start":{"line":8,"column":9},"end":{"line":8,"column":22}},"1":{"start":{"line":10,"column":11},"end":{"line":10,"column":26}},"2":{"start":{"line":12,"column":16},"end":{"line":12,"column":36}},"3":{"start":{"line":14,"column":15},"end":{"line":14,"column":40}},"4":{"start":{"line":15,"column":10},"end":{"line":15,"column":47}},"5":{"start":{"line":17,"column":13},"end":{"line":17,"column":61}},"6":{"start":{"line":19,"column":9},"end":{"line":19,"column":11}},"7":{"start":{"line":22,"column":0},"end":{"line":26,"column":1}},"8":{"start":{"line":23,"column":2},"end":{"line":23,"column":74}},"9":{"start":{"line":25,"column":2},"end":{"line":25,"column":87}},"10":{"start":{"line":28,"column":0},"end":{"line":33,"column":3}},"11":{"start":{"line":29,"column":2},"end":{"line":29,"column":82}},"12":{"start":{"line":31,"column":14},"end":{"line":31,"column":61}},"13":{"start":{"line":32,"column":2},"end":{"line":32,"column":25}},"14":{"start":{"line":34,"column":0},"end":{"line":38,"column":3}},"15":{"start":{"line":35,"column":2},"end":{"line":37,"column":3}},"16":{"start":{"line":36,"column":4},"end":{"line":36,"column":32}},"17":{"start":{"line":39,"column":0},"end":{"line":39,"column":25}},"18":{"start":{"line":40,"column":0},"end":{"line":40,"column":25}},"19":{"start":{"line":41,"column":0},"end":{"line":41,"column":20}}},"fnMap":{"0":{"name":"(anonymous_0)","decl":{"start":{"line":28,"column":33},"end":{"line":28,"column":34}},"loc":{"start":{"line":28,"column":49},"end":{"line":30,"column":1}},"line":28},"1":{"name":"(anonymous_1)","decl":{"start":{"line":30,"column":11},"end":{"line":30,"column":12}},"loc":{"start":{"line":30,"column":27},"end":{"line":33,"column":1}},"line":30},"2":{"name":"(anonymous_2)","decl":{"start":{"line":34,"column":24},"end":{"line":34,"column":25}},"loc":{"start":{"line":34,"column":45},"end":{"line":38,"column":1}},"line":34}},"branchMap":{"0":{"loc":{"start":{"line":15,"column":10},"end":{"line":15,"column":47}},"type":"binary-expr","locations":[{"start":{"line":15,"column":10},"end":{"line":15,"column":30}},{"start":{"line":15,"column":34},"end":{"line":15,"column":47}}],"line":15},"1":{"loc":{"start":{"line":22,"column":0},"end":{"line":26,"column":1}},"type":"if","locations":[{"start":{"line":22,"column":0},"end":{"line":26,"column":1}},{"start":{"line":22,"column":0},"end":{"line":26,"column":1}}],"line":22},"2":{"loc":{"start":{"line":29,"column":9},"end":{"line":29,"column":81}},"type":"binary-expr","locations":[{"start":{"line":29,"column":9},"end":{"line":29,"column":32}},{"start":{"line":29,"column":36},"end":{"line":29,"column":53}},{"start":{"line":29,"column":57},"end":{"line":29,"column":81}}],"line":29},"3":{"loc":{"start":{"line":35,"column":2},"end":{"line":37,"column":3}},"type":"if","locations":[{"start":{"line":35,"column":2},"end":{"line":37,"column":3}},{"start":{"line":35,"column":2},"end":{"line":37,"column":3}}],"line":35}},"s":{"0":1,"1":1,"2":1,"3":1,"4":1,"5":1,"6":1,"7":1,"8":0,"9":1,"10":1,"11":5,"12":4,"13":4,"14":1,"15":4,"16":4,"17":1,"18":1,"19":1},"f":{"0":5,"1":4,"2":4},"b":{"0":[1,0],"1":[0,1],"2":[5,5,4],"3":[4,0]},"inputSourceMap":{"version":3,"sources":["index.js"],"names":["fs","require","path","Sequelize","basename","__filename","env","process","NODE_ENV","config","__dirname","db","sequelize","use_env_variable","database","username","password","readdirSync","filter","file","indexOf","slice","forEach","model","join","name","Object","keys","modelName","associate","module","exports"],"mappings":";;AAAA;;AACA;;AACA;AACA,IAAMA,EAAE,GAAGC,OAAO,CAAC,IAAD,CAAlB;;AACA,IAAMC,IAAI,GAAGD,OAAO,CAAC,MAAD,CAApB;;AACA,IAAME,SAAS,GAAGF,OAAO,CAAC,WAAD,CAAzB;;AAEA,IAAMG,QAAQ,GAAGF,IAAI,CAACE,QAAL,CAAcC,UAAd,CAAjB;AACA,IAAMC,GAAG,GAAGC,OAAO,CAACD,GAAR,CAAYE,QAAZ,IAAwB,aAApC;;AACA,IAAMC,MAAM,GAAGR,OAAO,CAACS,SAAS,GAAG,sBAAb,CAAP,CAA4CJ,GAA5C,CAAf;;AACA,IAAMK,EAAE,GAAG,EAAX;AAEA,IAAIC,SAAJ;;AACA,IAAIH,MAAM,CAACI,gBAAX,EAA6B;AAC3BD,EAAAA,SAAS,GAAG,IAAIT,SAAJ,CAAcI,OAAO,CAACD,GAAR,CAAYG,MAAM,CAACI,gBAAnB,CAAd,EAAoDJ,MAApD,CAAZ;AACD,CAFD,MAEO;AACLG,EAAAA,SAAS,GAAG,IAAIT,SAAJ,CAAcM,MAAM,CAACK,QAArB,EAA+BL,MAAM,CAACM,QAAtC,EAAgDN,MAAM,CAACO,QAAvD,EAAiEP,MAAjE,CAAZ;AACD;;AAEDT,EAAE,CACCiB,WADH,CACeP,SADf,EAEGQ,MAFH,CAEU,UAACC,IAAD;AAAA,SAAWA,IAAI,CAACC,OAAL,CAAa,GAAb,MAAsB,CAAvB,IAA8BD,IAAI,KAAKf,QAAvC,IAAqDe,IAAI,CAACE,KAAL,CAAW,CAAC,CAAZ,MAAmB,KAAlF;AAAA,CAFV,EAGGC,OAHH,CAGW,UAACH,IAAD,EAAU;AACjB,MAAMI,KAAK,GAAGX,SAAS,UAAT,CAAiBV,IAAI,CAACsB,IAAL,CAAUd,SAAV,EAAqBS,IAArB,CAAjB,CAAd;AACAR,EAAAA,EAAE,CAACY,KAAK,CAACE,IAAP,CAAF,GAAiBF,KAAjB;AACD,CANH;AAQAG,MAAM,CAACC,IAAP,CAAYhB,EAAZ,EAAgBW,OAAhB,CAAwB,UAACM,SAAD,EAAe;AACrC,MAAIjB,EAAE,CAACiB,SAAD,CAAF,CAAcC,SAAlB,EAA6B;AAC3BlB,IAAAA,EAAE,CAACiB,SAAD,CAAF,CAAcC,SAAd,CAAwBlB,EAAxB;AACD;AACF,CAJD;AAMAA,EAAE,CAACC,SAAH,GAAeA,SAAf;AACAD,EAAE,CAACR,SAAH,GAAeA,SAAf;AAEA2B,MAAM,CAACC,OAAP,GAAiBpB,EAAjB","sourceRoot":"C:\\Users\\lenovo\\Desktop\\PROJECTS\\event-management-api-group6\\models\\","sourcesContent":["/* eslint-disable no-path-concat */\r\n/* eslint-disable import/no-dynamic-require */\r\n/* eslint-disable prefer-template */\r\nconst fs = require('fs');\r\nconst path = require('path');\r\nconst Sequelize = require('sequelize');\r\n\r\nconst basename = path.basename(__filename);\r\nconst env = process.env.NODE_ENV || 'development';\r\nconst config = require(__dirname + '/../config/config.js')[env];\r\nconst db = {};\r\n\r\nlet sequelize;\r\nif (config.use_env_variable) {\r\n  sequelize = new Sequelize(process.env[config.use_env_variable], config);\r\n} else {\r\n  sequelize = new Sequelize(config.database, config.username, config.password, config);\r\n}\r\n\r\nfs\r\n  .readdirSync(__dirname)\r\n  .filter((file) => (file.indexOf('.') !== 0) && (file !== basename) && (file.slice(-3) === '.js'))\r\n  .forEach((file) => {\r\n    const model = sequelize.import(path.join(__dirname, file));\r\n    db[model.name] = model;\r\n  });\r\n\r\nObject.keys(db).forEach((modelName) => {\r\n  if (db[modelName].associate) {\r\n    db[modelName].associate(db);\r\n  }\r\n});\r\n\r\ndb.sequelize = sequelize;\r\ndb.Sequelize = Sequelize;\r\n\r\nmodule.exports = db;"]},"_coverageSchema":"1a1c01bbd47fc00a2c39e90264f33305004495a9","hash":"f327627048832e36e9338bf21fec97ba7c5d7af8","contentHash":"e6c9f7ba03d965f65dfb34466be6a2b67d61fb70709e2f6438b73942c5dd65bf"},"C:\\Users\\lenovo\\Desktop\\PROJECTS\\event-management-api-group6\\config\\config.js":{"path":"C:\\Users\\lenovo\\Desktop\\PROJECTS\\event-management-api-group6\\config\\config.js","statementMap":{"0":{"start":{"line":3,"column":14},"end":{"line":3,"column":31}},"1":{"start":{"line":5,"column":0},"end":{"line":5,"column":22}},"2":{"start":{"line":6,"column":0},"end":{"line":26,"column":2}}},"fnMap":{},"branchMap":{},"s":{"0":1,"1":1,"2":1},"f":{},"b":{},"inputSourceMap":{"version":3,"sources":["config.js"],"names":["module","exports","development","username","process","env","DB_USER","password","DB_PASS","database","DB_NAME","host","DB_HOST","dialect","DB_DIALECT","logging","test","DB_TEST_NAME","production","use_env_variable"],"mappings":";;AAAA;;AAIA;AAEAA,MAAM,CAACC,OAAP,GAAiB;AACbC,EAAAA,WAAW,EAAE;AACTC,IAAAA,QAAQ,EAAEC,OAAO,CAACC,GAAR,CAAYC,OADb;AAETC,IAAAA,QAAQ,EAAEH,OAAO,CAACC,GAAR,CAAYG,OAFb;AAGTC,IAAAA,QAAQ,EAAEL,OAAO,CAACC,GAAR,CAAYK,OAHb;AAITC,IAAAA,IAAI,EAAEP,OAAO,CAACC,GAAR,CAAYO,OAJT;AAKTC,IAAAA,OAAO,EAAET,OAAO,CAACC,GAAR,CAAYS,UALZ;AAMTC,IAAAA,OAAO,EAAE;AANA,GADA;AASbC,EAAAA,IAAI,EAAE;AACFb,IAAAA,QAAQ,EAAEC,OAAO,CAACC,GAAR,CAAYC,OADpB;AAEFC,IAAAA,QAAQ,EAAEH,OAAO,CAACC,GAAR,CAAYG,OAFpB;AAGFC,IAAAA,QAAQ,EAAEL,OAAO,CAACC,GAAR,CAAYY,YAHpB;AAIFN,IAAAA,IAAI,EAAEP,OAAO,CAACC,GAAR,CAAYO,OAJhB;AAKFC,IAAAA,OAAO,EAAET,OAAO,CAACC,GAAR,CAAYS,UALnB;AAMFC,IAAAA,OAAO,EAAE;AANP,GATO;AAiBbG,EAAAA,UAAU,EAAE;AACRC,IAAAA,gBAAgB,EAAE;AADV;AAjBC,CAAjB","sourceRoot":"C:\\Users\\lenovo\\Desktop\\PROJECTS\\event-management-api-group6\\config\\","sourcesContent":["import {\r\n    config\r\n} from 'dotenv';\r\n\r\nconfig();\r\n\r\nmodule.exports = {\r\n    development: {\r\n        username: process.env.DB_USER,\r\n        password: process.env.DB_PASS,\r\n        database: process.env.DB_NAME,\r\n        host: process.env.DB_HOST,\r\n        dialect: process.env.DB_DIALECT,\r\n        logging: false\r\n    },\r\n    test: {\r\n        username: process.env.DB_USER,\r\n        password: process.env.DB_PASS,\r\n        database: process.env.DB_TEST_NAME,\r\n        host: process.env.DB_HOST,\r\n        dialect: process.env.DB_DIALECT,\r\n        logging: false\r\n    },\r\n    production: {\r\n        use_env_variable: \"DATABASE_URL\"\r\n    },\r\n};"]},"_coverageSchema":"1a1c01bbd47fc00a2c39e90264f33305004495a9","hash":"2140fa7c9d4b57ac20be373a9dc6e54683e80753","contentHash":"b54346c1a6ed1e949676ba18833fae2babaeb49ed5ca98d7726a2ad893d94b93"},"C:\\Users\\lenovo\\Desktop\\PROJECTS\\event-management-api-group6\\models\\booking.js":{"path":"C:\\Users\\lenovo\\Desktop\\PROJECTS\\event-management-api-group6\\models\\booking.js","statementMap":{"0":{"start":{"line":3,"column":0},"end":{"line":70,"column":2}},"1":{"start":{"line":4,"column":16},"end":{"line":57,"column":8}},"2":{"start":{"line":59,"column":2},"end":{"line":67,"column":4}},"3":{"start":{"line":61,"column":4},"end":{"line":63,"column":7}},"4":{"start":{"line":64,"column":4},"end":{"line":66,"column":7}},"5":{"start":{"line":69,"column":2},"end":{"line":69,"column":17}}},"fnMap":{"0":{"name":"(anonymous_0)","decl":{"start":{"line":3,"column":17},"end":{"line":3,"column":18}},"loc":{"start":{"line":3,"column":49},"end":{"line":70,"column":1}},"line":3},"1":{"name":"(anonymous_1)","decl":{"start":{"line":59,"column":22},"end":{"line":59,"column":23}},"loc":{"start":{"line":59,"column":40},"end":{"line":67,"column":3}},"line":59}},"branchMap":{},"s":{"0":1,"1":1,"2":1,"3":1,"4":1,"5":1},"f":{"0":1,"1":1},"b":{},"inputSourceMap":{"version":3,"sources":["booking.js"],"names":["module","exports","sequelize","DataTypes","booking","define","status","type","STRING","defaultValue","event_date","allowNull","from_time","to_time","purpose","customerId","INTEGER","additional_info","amount_paid","DECIMAL","balance","centerId","payment_proof","referrence","paid_at","DATE","channel","associate","models","belongsTo","Centers","foreignKey","customers"],"mappings":"AAAA;;AACAA,MAAM,CAACC,OAAP,GAAiB,UAACC,SAAD,EAAYC,SAAZ,EAA0B;AACzC,MAAMC,OAAO,GAAGF,SAAS,CAACG,MAAV,CACd,SADc,EACH;AACTC,IAAAA,MAAM,EAAE;AACNC,MAAAA,IAAI,EAAEJ,SAAS,CAACK,MADV;AAENC,MAAAA,YAAY,EAAE;AAFR,KADC;AAKTC,IAAAA,UAAU,EAAE;AACVH,MAAAA,IAAI,EAAEJ,SAAS,CAACK,MADN;AAEVG,MAAAA,SAAS,EAAE;AAFD,KALH;AASTC,IAAAA,SAAS,EAAE;AACTL,MAAAA,IAAI,EAAEJ,SAAS,CAACK,MADP;AAETG,MAAAA,SAAS,EAAE;AAFF,KATF;AAaTE,IAAAA,OAAO,EAAE;AACPN,MAAAA,IAAI,EAAEJ,SAAS,CAACK,MADT;AAEPG,MAAAA,SAAS,EAAE;AAFJ,KAbA;AAiBTG,IAAAA,OAAO,EAAE;AACPP,MAAAA,IAAI,EAAEJ,SAAS,CAACK,MADT;AAEPG,MAAAA,SAAS,EAAE;AAFJ,KAjBA;AAqBTI,IAAAA,UAAU,EAAE;AACVR,MAAAA,IAAI,EAAEJ,SAAS,CAACa,OADN;AAEVL,MAAAA,SAAS,EAAE;AAFD,KArBH;AAyBTM,IAAAA,eAAe,EAAEd,SAAS,CAACK,MAzBlB;AA0BTU,IAAAA,WAAW,EAAE;AACXX,MAAAA,IAAI,EAAEJ,SAAS,CAACgB,OADL;AAEXV,MAAAA,YAAY,EAAE;AAFH,KA1BJ;AA8BTW,IAAAA,OAAO,EAAE;AACPb,MAAAA,IAAI,EAAEJ,SAAS,CAACgB,OADT;AAEPV,MAAAA,YAAY,EAAE;AAFP,KA9BA;AAkCTY,IAAAA,QAAQ,EAAE;AACRd,MAAAA,IAAI,EAAEJ,SAAS,CAACa,OADR;AAERL,MAAAA,SAAS,EAAE;AAFH,KAlCD;AAsCTW,IAAAA,aAAa,EAAE;AACbf,MAAAA,IAAI,EAAEJ,SAAS,CAACK;AADH,KAtCN;AAyCTe,IAAAA,UAAU,EAAE;AACVhB,MAAAA,IAAI,EAAEJ,SAAS,CAACK,MADN;AAEVG,MAAAA,SAAS,EAAE;AAFD,KAzCH;AA6CTa,IAAAA,OAAO,EAAE;AACPjB,MAAAA,IAAI,EAAEJ,SAAS,CAACsB,IADT;AAEPd,MAAAA,SAAS,EAAE;AAFJ,KA7CA;AAiDTe,IAAAA,OAAO,EAAE;AACPnB,MAAAA,IAAI,EAAEJ,SAAS,CAACK,MADT;AAEPG,MAAAA,SAAS,EAAE;AAFJ;AAjDA,GADG,EAsDX,EAtDW,CAAhB;;AAwDAP,EAAAA,OAAO,CAACuB,SAAR,GAAoB,UAAUC,MAAV,EAAkB;AACpC;AACAxB,IAAAA,OAAO,CAACyB,SAAR,CAAkBD,MAAM,CAACE,OAAzB,EAAkC;AAChCC,MAAAA,UAAU,EAAE;AADoB,KAAlC;AAIA3B,IAAAA,OAAO,CAACyB,SAAR,CAAkBD,MAAM,CAACI,SAAzB,EAAoC;AAClCD,MAAAA,UAAU,EAAE;AADsB,KAApC;AAGD,GATD;;AAUA,SAAO3B,OAAP;AACD,CApED","sourceRoot":"C:\\Users\\lenovo\\Desktop\\PROJECTS\\event-management-api-group6\\models\\","sourcesContent":["\"use strict\";\r\nmodule.exports = (sequelize, DataTypes) => {\r\n  const booking = sequelize.define(\r\n    \"booking\", {\r\n      status: {\r\n        type: DataTypes.STRING,\r\n        defaultValue: \"Pending\"\r\n      },\r\n      event_date: {\r\n        type: DataTypes.STRING,\r\n        allowNull: false\r\n      },\r\n      from_time: {\r\n        type: DataTypes.STRING,\r\n        allowNull: false\r\n      },\r\n      to_time: {\r\n        type: DataTypes.STRING,\r\n        allowNull: false\r\n      },\r\n      purpose: {\r\n        type: DataTypes.STRING,\r\n        allowNull: false\r\n      },\r\n      customerId: {\r\n        type: DataTypes.INTEGER,\r\n        allowNull: false\r\n      },\r\n      additional_info: DataTypes.STRING,\r\n      amount_paid: {\r\n        type: DataTypes.DECIMAL,\r\n        defaultValue: 0.00\r\n      },\r\n      balance: {\r\n        type: DataTypes.DECIMAL,\r\n        defaultValue: 0.00\r\n      },\r\n      centerId: {\r\n        type: DataTypes.INTEGER,\r\n        allowNull: false\r\n      },\r\n      payment_proof: {\r\n        type: DataTypes.STRING,\r\n      },\r\n      referrence: {\r\n        type: DataTypes.STRING,\r\n        allowNull: true\r\n      },\r\n      paid_at: {\r\n        type: DataTypes.DATE,\r\n        allowNull: true\r\n      },\r\n      channel: {\r\n        type: DataTypes.STRING,\r\n        allowNull: true\r\n      }\r\n    }, {}\r\n  );\r\n  booking.associate = function (models) {\r\n    // associations can be defined here\r\n    booking.belongsTo(models.Centers, {\r\n      foreignKey: 'centerId'\r\n    });\r\n\r\n    booking.belongsTo(models.customers, {\r\n      foreignKey: 'customerId'\r\n    });\r\n  };\r\n  return booking;\r\n};"]},"_coverageSchema":"1a1c01bbd47fc00a2c39e90264f33305004495a9","hash":"9e4b45d778b2f62c1d1cabc7e85fd0f2da713bc2","contentHash":"dbb86de8da7880ae6536dfea645e77e9b3c7a76c5ab4a500709feaa8b1320108"},"C:\\Users\\lenovo\\Desktop\\PROJECTS\\event-management-api-group6\\models\\centers.js":{"path":"C:\\Users\\lenovo\\Desktop\\PROJECTS\\event-management-api-group6\\models\\centers.js","statementMap":{"0":{"start":{"line":4,"column":0},"end":{"line":57,"column":2}},"1":{"start":{"line":5,"column":15},"end":{"line":47,"column":8}},"2":{"start":{"line":49,"column":2},"end":{"line":54,"column":4}},"3":{"start":{"line":51,"column":4},"end":{"line":53,"column":7}},"4":{"start":{"line":56,"column":2},"end":{"line":56,"column":16}}},"fnMap":{"0":{"name":"(anonymous_0)","decl":{"start":{"line":4,"column":17},"end":{"line":4,"column":18}},"loc":{"start":{"line":4,"column":49},"end":{"line":57,"column":1}},"line":4},"1":{"name":"(anonymous_1)","decl":{"start":{"line":49,"column":21},"end":{"line":49,"column":22}},"loc":{"start":{"line":49,"column":39},"end":{"line":54,"column":3}},"line":49}},"branchMap":{},"s":{"0":1,"1":1,"2":1,"3":1,"4":1},"f":{"0":1,"1":1},"b":{},"inputSourceMap":{"version":3,"sources":["centers.js"],"names":["module","exports","sequelize","DataTypes","Center","define","manager_id","type","INTEGER","allowNull","name","STRING","description","dates_unavailable","ARRAY","defaultValue","capacity","facilities","location","images","available","BOOLEAN","price","FLOAT","associate","models","belongsTo","Manager","foreignKey"],"mappings":";;AAAA;AACAA,MAAM,CAACC,OAAP,GAAiB,UAACC,SAAD,EAAYC,SAAZ,EAA0B;AACzC,MAAMC,MAAM,GAAGF,SAAS,CAACG,MAAV,CAAiB,SAAjB,EAA4B;AACzCC,IAAAA,UAAU,EAAE;AACVC,MAAAA,IAAI,EAAEJ,SAAS,CAACK,OADN;AAEVC,MAAAA,SAAS,EAAE;AAFD,KAD6B;AAKzCC,IAAAA,IAAI,EAAE;AACJH,MAAAA,IAAI,EAAEJ,SAAS,CAACQ,MADZ;AAEJF,MAAAA,SAAS,EAAE;AAFP,KALmC;AASzCG,IAAAA,WAAW,EAAE;AACXL,MAAAA,IAAI,EAAEJ,SAAS,CAACQ,MADL;AAEXF,MAAAA,SAAS,EAAE;AAFA,KAT4B;AAazCI,IAAAA,iBAAiB,EAAE;AACjBN,MAAAA,IAAI,EAAEJ,SAAS,CAACW,KAAV,CAAgBX,SAAS,CAACQ,MAA1B,CADW;AAEjBI,MAAAA,YAAY,EAAE;AAFG,KAbsB;AAiBzCC,IAAAA,QAAQ,EAAE;AACRT,MAAAA,IAAI,EAAEJ,SAAS,CAACK,OADR;AAERC,MAAAA,SAAS,EAAE;AAFH,KAjB+B;AAqBzCQ,IAAAA,UAAU,EAAE;AACVV,MAAAA,IAAI,EAAEJ,SAAS,CAACQ,MADN;AAEVF,MAAAA,SAAS,EAAE;AAFD,KArB6B;AAyBzCS,IAAAA,QAAQ,EAAE;AACRX,MAAAA,IAAI,EAAEJ,SAAS,CAACQ,MADR;AAERF,MAAAA,SAAS,EAAE;AAFH,KAzB+B;AA6BzCU,IAAAA,MAAM,EAAE;AACNZ,MAAAA,IAAI,EAAEJ,SAAS,CAACQ,MADV;AAENF,MAAAA,SAAS,EAAE;AAFL,KA7BiC;AAiCzCW,IAAAA,SAAS,EAAE;AACTb,MAAAA,IAAI,EAAEJ,SAAS,CAACkB,OADP;AAETZ,MAAAA,SAAS,EAAE,KAFF;AAGTM,MAAAA,YAAY,EAAE;AAHL,KAjC8B;AAsCzCO,IAAAA,KAAK,EAAE;AACLf,MAAAA,IAAI,EAAEJ,SAAS,CAACoB,KADX;AAELd,MAAAA,SAAS,EAAE;AAFN;AAtCkC,GAA5B,EA0CZ,EA1CY,CAAf;;AA2CAL,EAAAA,MAAM,CAACoB,SAAP,GAAmB,UAAUC,MAAV,EAAkB;AACnC;AACArB,IAAAA,MAAM,CAACsB,SAAP,CAAiBD,MAAM,CAACE,OAAxB,EAAiC;AAC/BC,MAAAA,UAAU,EAAE;AADmB,KAAjC;AAGD,GALD;;AAMA,SAAOxB,MAAP;AACD,CAnDD","sourceRoot":"C:\\Users\\lenovo\\Desktop\\PROJECTS\\event-management-api-group6\\models\\","sourcesContent":["/* eslint-disable func-names */\r\nmodule.exports = (sequelize, DataTypes) => {\r\n  const Center = sequelize.define('Centers', {\r\n    manager_id: {\r\n      type: DataTypes.INTEGER,\r\n      allowNull: false,\r\n    },\r\n    name: {\r\n      type: DataTypes.STRING,\r\n      allowNull: false,\r\n    },\r\n    description: {\r\n      type: DataTypes.STRING,\r\n      allowNull: false,\r\n    },\r\n    dates_unavailable: {\r\n      type: DataTypes.ARRAY(DataTypes.STRING),\r\n      defaultValue: []\r\n    },\r\n    capacity: {\r\n      type: DataTypes.INTEGER,\r\n      allowNull: false,\r\n    },\r\n    facilities: {\r\n      type: DataTypes.STRING,\r\n      allowNull: false,\r\n    },\r\n    location: {\r\n      type: DataTypes.STRING,\r\n      allowNull: false,\r\n    },\r\n    images: {\r\n      type: DataTypes.STRING,\r\n      allowNull: false,\r\n    },\r\n    available: {\r\n      type: DataTypes.BOOLEAN,\r\n      allowNull: false,\r\n      defaultValue: true,\r\n    },\r\n    price: {\r\n      type: DataTypes.FLOAT,\r\n      allowNull: false,\r\n    },\r\n  }, {});\r\n  Center.associate = function (models) {\r\n    // associations can be defined here\r\n    Center.belongsTo(models.Manager, {\r\n      foreignKey: 'manager_id'\r\n    });\r\n  };\r\n  return Center;\r\n};"]},"_coverageSchema":"1a1c01bbd47fc00a2c39e90264f33305004495a9","hash":"6adff1b0f434fec4dc457dd94648463db1d2f556","contentHash":"69c26d294d88e7be53e1f486b4eba6ea1eced1cf143fd8335edcce7914ec8b35"},"C:\\Users\\lenovo\\Desktop\\PROJECTS\\event-management-api-group6\\models\\customers.js":{"path":"C:\\Users\\lenovo\\Desktop\\PROJECTS\\event-management-api-group6\\models\\customers.js","statementMap":{"0":{"start":{"line":3,"column":0},"end":{"line":22,"column":2}},"1":{"start":{"line":4,"column":18},"end":{"line":12,"column":8}},"2":{"start":{"line":14,"column":2},"end":{"line":19,"column":4}},"3":{"start":{"line":16,"column":4},"end":{"line":18,"column":7}},"4":{"start":{"line":21,"column":2},"end":{"line":21,"column":19}}},"fnMap":{"0":{"name":"(anonymous_0)","decl":{"start":{"line":3,"column":17},"end":{"line":3,"column":18}},"loc":{"start":{"line":3,"column":49},"end":{"line":22,"column":1}},"line":3},"1":{"name":"(anonymous_1)","decl":{"start":{"line":14,"column":24},"end":{"line":14,"column":25}},"loc":{"start":{"line":14,"column":42},"end":{"line":19,"column":3}},"line":14}},"branchMap":{},"s":{"0":1,"1":1,"2":1,"3":1,"4":1},"f":{"0":1,"1":1},"b":{},"inputSourceMap":{"version":3,"sources":["customers.js"],"names":["module","exports","sequelize","DataTypes","customers","define","firstname","STRING","lastname","password","email","phone_number","role","gender","associate","models","hasMany","booking","foreignKey"],"mappings":"AAAA;;AACAA,MAAM,CAACC,OAAP,GAAiB,UAACC,SAAD,EAAYC,SAAZ,EAA0B;AACzC,MAAMC,SAAS,GAAGF,SAAS,CAACG,MAAV,CAAiB,WAAjB,EAA8B;AAC9CC,IAAAA,SAAS,EAAEH,SAAS,CAACI,MADyB;AAE9CC,IAAAA,QAAQ,EAAEL,SAAS,CAACI,MAF0B;AAG9CE,IAAAA,QAAQ,EAAEN,SAAS,CAACI,MAH0B;AAI9CG,IAAAA,KAAK,EAAEP,SAAS,CAACI,MAJ6B;AAK9CI,IAAAA,YAAY,EAAER,SAAS,CAACI,MALsB;AAM9CK,IAAAA,IAAI,EAAET,SAAS,CAACI,MAN8B;AAO9CM,IAAAA,MAAM,EAAEV,SAAS,CAACI;AAP4B,GAA9B,EAQf,EARe,CAAlB;;AASAH,EAAAA,SAAS,CAACU,SAAV,GAAsB,UAAUC,MAAV,EAAkB;AACtC;AACAX,IAAAA,SAAS,CAACY,OAAV,CAAkBD,MAAM,CAACE,OAAzB,EAAkC;AAChCC,MAAAA,UAAU,EAAE;AADoB,KAAlC;AAGD,GALD;;AAMA,SAAOd,SAAP;AACD,CAjBD","sourceRoot":"C:\\Users\\lenovo\\Desktop\\PROJECTS\\event-management-api-group6\\models\\","sourcesContent":["'use strict';\r\nmodule.exports = (sequelize, DataTypes) => {\r\n  const customers = sequelize.define('customers', {\r\n    firstname: DataTypes.STRING,\r\n    lastname: DataTypes.STRING,\r\n    password: DataTypes.STRING,\r\n    email: DataTypes.STRING,\r\n    phone_number: DataTypes.STRING,\r\n    role: DataTypes.STRING,\r\n    gender: DataTypes.STRING\r\n  }, {});\r\n  customers.associate = function (models) {\r\n    // associations can be defined here\r\n    customers.hasMany(models.booking, {\r\n      foreignKey: 'id'\r\n    });\r\n  };\r\n  return customers;\r\n};"]},"_coverageSchema":"1a1c01bbd47fc00a2c39e90264f33305004495a9","hash":"c8f55aa68c36600b9eb8d1106e3ba90597c27938","contentHash":"8daabb0e619cc5f7100b61694646040df2b7df05dd0db88afb3da223ea7a38f3"},"C:\\Users\\lenovo\\Desktop\\PROJECTS\\event-management-api-group6\\models\\manager.js":{"path":"C:\\Users\\lenovo\\Desktop\\PROJECTS\\event-management-api-group6\\models\\manager.js","statementMap":{"0":{"start":{"line":6,"column":0},"end":{"line":52,"column":2}},"1":{"start":{"line":7,"column":16},"end":{"line":46,"column":8}},"2":{"start":{"line":48,"column":2},"end":{"line":49,"column":4}},"3":{"start":{"line":51,"column":2},"end":{"line":51,"column":17}}},"fnMap":{"0":{"name":"(anonymous_0)","decl":{"start":{"line":6,"column":17},"end":{"line":6,"column":18}},"loc":{"start":{"line":6,"column":49},"end":{"line":52,"column":1}},"line":6},"1":{"name":"(anonymous_1)","decl":{"start":{"line":48,"column":22},"end":{"line":48,"column":23}},"loc":{"start":{"line":48,"column":40},"end":{"line":49,"column":3}},"line":48}},"branchMap":{},"s":{"0":1,"1":1,"2":1,"3":1},"f":{"0":1,"1":1},"b":{},"inputSourceMap":{"version":3,"sources":["manager.js"],"names":["module","exports","sequelize","DataTypes","Manager","define","firstName","type","STRING","allowNull","lastName","email","unique","password","businessName","logo","phoneNum","address","role","defaultValue","associate","models"],"mappings":";;AAAA;;AACA;AACAA,MAAM,CAACC,OAAP,GAAiB,UAACC,SAAD,EAAYC,SAAZ,EAA0B;AACzC,MAAMC,OAAO,GAAGF,SAAS,CAACG,MAAV,CAAiB,SAAjB,EAA4B;AAC1CC,IAAAA,SAAS,EAAE;AACTC,MAAAA,IAAI,EAAEJ,SAAS,CAACK,MADP;AAETC,MAAAA,SAAS,EAAE;AAFF,KAD+B;AAK1CC,IAAAA,QAAQ,EAAE;AACRH,MAAAA,IAAI,EAAEJ,SAAS,CAACK,MADR;AAERC,MAAAA,SAAS,EAAE;AAFH,KALgC;AAS1CE,IAAAA,KAAK,EAAE;AACLJ,MAAAA,IAAI,EAAEJ,SAAS,CAACK,MADX;AAELC,MAAAA,SAAS,EAAE,KAFN;AAGLG,MAAAA,MAAM,EAAE;AAHH,KATmC;AAc1CC,IAAAA,QAAQ,EAAE;AACRN,MAAAA,IAAI,EAAEJ,SAAS,CAACK,MADR;AAERC,MAAAA,SAAS,EAAE;AAFH,KAdgC;AAkB1CK,IAAAA,YAAY,EAAE;AACZP,MAAAA,IAAI,EAAEJ,SAAS,CAACK,MADJ;AAEZC,MAAAA,SAAS,EAAE;AAFC,KAlB4B;AAsB1CM,IAAAA,IAAI,EAAE;AACJR,MAAAA,IAAI,EAAEJ,SAAS,CAACK,MADZ;AAEJC,MAAAA,SAAS,EAAE;AAFP,KAtBoC;AA0B1CO,IAAAA,QAAQ,EAAE;AACRT,MAAAA,IAAI,EAAEJ,SAAS,CAACK,MADR;AAERC,MAAAA,SAAS,EAAE;AAFH,KA1BgC;AA8B1CQ,IAAAA,OAAO,EAAE;AACPV,MAAAA,IAAI,EAAEJ,SAAS,CAACK,MADT;AAEPC,MAAAA,SAAS,EAAE;AAFJ,KA9BiC;AAkC1CS,IAAAA,IAAI,EAAE;AACJX,MAAAA,IAAI,EAAEJ,SAAS,CAACK,MADZ;AAEJC,MAAAA,SAAS,EAAE,KAFP;AAGJU,MAAAA,YAAY,EAAE;AAHV;AAlCoC,GAA5B,EAuCb,EAvCa,CAAhB;;AAwCAf,EAAAA,OAAO,CAACgB,SAAR,GAAoB,UAAUC,MAAV,EAAkB,CACpC;AACD,GAFD;;AAGA,SAAOjB,OAAP;AACD,CA7CD","sourceRoot":"C:\\Users\\lenovo\\Desktop\\PROJECTS\\event-management-api-group6\\models\\","sourcesContent":["/* eslint-disable func-names */\r\n/* eslint-disable no-unused-vars */\r\nmodule.exports = (sequelize, DataTypes) => {\r\n  const Manager = sequelize.define('Manager', {\r\n    firstName: {\r\n      type: DataTypes.STRING,\r\n      allowNull: false,\r\n    },\r\n    lastName: {\r\n      type: DataTypes.STRING,\r\n      allowNull: false,\r\n    },\r\n    email: {\r\n      type: DataTypes.STRING,\r\n      allowNull: false,\r\n      unique: true,\r\n    },\r\n    password: {\r\n      type: DataTypes.STRING,\r\n      allowNull: false,\r\n    },\r\n    businessName: {\r\n      type: DataTypes.STRING,\r\n      allowNull: false,\r\n    },\r\n    logo: {\r\n      type: DataTypes.STRING,\r\n      allowNull: false,\r\n    },\r\n    phoneNum: {\r\n      type: DataTypes.STRING,\r\n      allowNull: false,\r\n    },\r\n    address: {\r\n      type: DataTypes.STRING,\r\n      allowNull: false,\r\n    },\r\n    role: {\r\n      type: DataTypes.STRING,\r\n      allowNull: false,\r\n      defaultValue: 'admin',\r\n    },\r\n  }, {});\r\n  Manager.associate = function (models) {\r\n    // associations can be defined here\r\n  };\r\n  return Manager;\r\n};"]},"_coverageSchema":"1a1c01bbd47fc00a2c39e90264f33305004495a9","hash":"4841bdcf92a05317e978e9f7017c3068fc205736","contentHash":"7bebe00ed85b5e6cc3b624ff871e3aaf59bfdf7caa3390eb44a6c379d1f0f3b4"},"C:\\Users\\lenovo\\Desktop\\PROJECTS\\event-management-api-group6\\middleware\\auth.js":{"path":"C:\\Users\\lenovo\\Desktop\\PROJECTS\\event-management-api-group6\\middleware\\auth.js","statementMap":{"0":{"start":{"line":3,"column":29},"end":{"line":3,"column":84}},"1":{"start":{"line":5,"column":0},"end":{"line":7,"column":3}},"2":{"start":{"line":8,"column":0},"end":{"line":8,"column":56}},"3":{"start":{"line":10,"column":19},"end":{"line":10,"column":80}},"4":{"start":{"line":12,"column":25},"end":{"line":12,"column":99}},"5":{"start":{"line":14,"column":10},"end":{"line":14,"column":33}},"6":{"start":{"line":16,"column":13},"end":{"line":16,"column":39}},"7":{"start":{"line":19,"column":32},"end":{"line":91,"column":3}},"8":{"start":{"line":20,"column":13},"end":{"line":86,"column":5}},"9":{"start":{"line":22,"column":4},"end":{"line":85,"column":33}},"10":{"start":{"line":23,"column":6},"end":{"line":84,"column":7}},"11":{"start":{"line":24,"column":8},"end":{"line":83,"column":9}},"12":{"start":{"line":26,"column":12},"end":{"line":29,"column":13}},"13":{"start":{"line":28,"column":14},"end":{"line":28,"column":62}},"14":{"start":{"line":32,"column":12},"end":{"line":35,"column":13}},"15":{"start":{"line":33,"column":14},"end":{"line":33,"column":32}},"16":{"start":{"line":34,"column":14},"end":{"line":34,"column":20}},"17":{"start":{"line":37,"column":12},"end":{"line":40,"column":16}},"18":{"start":{"line":43,"column":12},"end":{"line":43,"column":30}},"19":{"start":{"line":45,"column":12},"end":{"line":45,"column":64}},"20":{"start":{"line":47,"column":12},"end":{"line":50,"column":13}},"21":{"start":{"line":48,"column":14},"end":{"line":48,"column":33}},"22":{"start":{"line":49,"column":14},"end":{"line":49,"column":20}},"23":{"start":{"line":52,"column":12},"end":{"line":52,"column":30}},"24":{"start":{"line":53,"column":12},"end":{"line":53,"column":55}},"25":{"start":{"line":56,"column":12},"end":{"line":56,"column":37}},"26":{"start":{"line":57,"column":12},"end":{"line":57,"column":31}},"27":{"start":{"line":58,"column":12},"end":{"line":58,"column":18}},"28":{"start":{"line":61,"column":12},"end":{"line":64,"column":16}},"29":{"start":{"line":67,"column":12},"end":{"line":67,"column":19}},"30":{"start":{"line":68,"column":12},"end":{"line":68,"column":31}},"31":{"start":{"line":69,"column":12},"end":{"line":69,"column":18}},"32":{"start":{"line":72,"column":12},"end":{"line":72,"column":31}},"33":{"start":{"line":73,"column":12},"end":{"line":73,"column":47}},"34":{"start":{"line":74,"column":12},"end":{"line":78,"column":16}},"35":{"start":{"line":82,"column":12},"end":{"line":82,"column":35}},"36":{"start":{"line":88,"column":2},"end":{"line":90,"column":4}},"37":{"start":{"line":89,"column":4},"end":{"line":89,"column":39}},"38":{"start":{"line":93,"column":0},"end":{"line":93,"column":36}},"39":{"start":{"line":95,"column":35},"end":{"line":167,"column":3}},"40":{"start":{"line":96,"column":14},"end":{"line":162,"column":5}},"41":{"start":{"line":98,"column":4},"end":{"line":161,"column":34}},"42":{"start":{"line":99,"column":6},"end":{"line":160,"column":7}},"43":{"start":{"line":100,"column":8},"end":{"line":159,"column":9}},"44":{"start":{"line":102,"column":12},"end":{"line":105,"column":13}},"45":{"start":{"line":104,"column":14},"end":{"line":104,"column":62}},"46":{"start":{"line":108,"column":12},"end":{"line":111,"column":13}},"47":{"start":{"line":109,"column":14},"end":{"line":109,"column":33}},"48":{"start":{"line":110,"column":14},"end":{"line":110,"column":20}},"49":{"start":{"line":113,"column":12},"end":{"line":116,"column":16}},"50":{"start":{"line":119,"column":12},"end":{"line":119,"column":31}},"51":{"start":{"line":121,"column":12},"end":{"line":121,"column":64}},"52":{"start":{"line":123,"column":12},"end":{"line":126,"column":13}},"53":{"start":{"line":124,"column":14},"end":{"line":124,"column":34}},"54":{"start":{"line":125,"column":14},"end":{"line":125,"column":20}},"55":{"start":{"line":128,"column":12},"end":{"line":128,"column":31}},"56":{"start":{"line":129,"column":12},"end":{"line":129,"column":57}},"57":{"start":{"line":132,"column":12},"end":{"line":132,"column":38}},"58":{"start":{"line":133,"column":12},"end":{"line":133,"column":32}},"59":{"start":{"line":134,"column":12},"end":{"line":134,"column":18}},"60":{"start":{"line":137,"column":12},"end":{"line":140,"column":16}},"61":{"start":{"line":143,"column":12},"end":{"line":143,"column":19}},"62":{"start":{"line":144,"column":12},"end":{"line":144,"column":32}},"63":{"start":{"line":145,"column":12},"end":{"line":145,"column":18}},"64":{"start":{"line":148,"column":12},"end":{"line":148,"column":32}},"65":{"start":{"line":149,"column":12},"end":{"line":149,"column":49}},"66":{"start":{"line":150,"column":12},"end":{"line":154,"column":16}},"67":{"start":{"line":158,"column":12},"end":{"line":158,"column":36}},"68":{"start":{"line":164,"column":2},"end":{"line":166,"column":4}},"69":{"start":{"line":165,"column":4},"end":{"line":165,"column":40}},"70":{"start":{"line":169,"column":0},"end":{"line":169,"column":42}}},"fnMap":{"0":{"name":"(anonymous_0)","decl":{"start":{"line":19,"column":32},"end":{"line":19,"column":33}},"loc":{"start":{"line":19,"column":44},"end":{"line":91,"column":1}},"line":19},"1":{"name":"_callee","decl":{"start":{"line":20,"column":100},"end":{"line":20,"column":107}},"loc":{"start":{"line":20,"column":124},"end":{"line":86,"column":3}},"line":20},"2":{"name":"_callee$","decl":{"start":{"line":22,"column":49},"end":{"line":22,"column":57}},"loc":{"start":{"line":22,"column":68},"end":{"line":85,"column":5}},"line":22},"3":{"name":"adminProtect","decl":{"start":{"line":88,"column":18},"end":{"line":88,"column":30}},"loc":{"start":{"line":88,"column":45},"end":{"line":90,"column":3}},"line":88},"4":{"name":"(anonymous_4)","decl":{"start":{"line":95,"column":35},"end":{"line":95,"column":36}},"loc":{"start":{"line":95,"column":47},"end":{"line":167,"column":1}},"line":95},"5":{"name":"_callee2","decl":{"start":{"line":96,"column":101},"end":{"line":96,"column":109}},"loc":{"start":{"line":96,"column":126},"end":{"line":162,"column":3}},"line":96},"6":{"name":"_callee2$","decl":{"start":{"line":98,"column":49},"end":{"line":98,"column":58}},"loc":{"start":{"line":98,"column":70},"end":{"line":161,"column":5}},"line":98},"7":{"name":"customerProtect","decl":{"start":{"line":164,"column":18},"end":{"line":164,"column":33}},"loc":{"start":{"line":164,"column":49},"end":{"line":166,"column":3}},"line":164}},"branchMap":{"0":{"loc":{"start":{"line":24,"column":8},"end":{"line":83,"column":9}},"type":"switch","locations":[{"start":{"line":25,"column":10},"end":{"line":40,"column":16}},{"start":{"line":42,"column":10},"end":{"line":53,"column":55}},{"start":{"line":55,"column":10},"end":{"line":58,"column":18}},{"start":{"line":60,"column":10},"end":{"line":64,"column":16}},{"start":{"line":66,"column":10},"end":{"line":69,"column":18}},{"start":{"line":71,"column":10},"end":{"line":78,"column":16}},{"start":{"line":80,"column":10},"end":{"line":80,"column":18}},{"start":{"line":81,"column":10},"end":{"line":82,"column":35}}],"line":24},"1":{"loc":{"start":{"line":26,"column":12},"end":{"line":29,"column":13}},"type":"if","locations":[{"start":{"line":26,"column":12},"end":{"line":29,"column":13}},{"start":{"line":26,"column":12},"end":{"line":29,"column":13}}],"line":26},"2":{"loc":{"start":{"line":26,"column":16},"end":{"line":26,"column":91}},"type":"binary-expr","locations":[{"start":{"line":26,"column":16},"end":{"line":26,"column":41}},{"start":{"line":26,"column":45},"end":{"line":26,"column":91}}],"line":26},"3":{"loc":{"start":{"line":32,"column":12},"end":{"line":35,"column":13}},"type":"if","locations":[{"start":{"line":32,"column":12},"end":{"line":35,"column":13}},{"start":{"line":32,"column":12},"end":{"line":35,"column":13}}],"line":32},"4":{"loc":{"start":{"line":47,"column":12},"end":{"line":50,"column":13}},"type":"if","locations":[{"start":{"line":47,"column":12},"end":{"line":50,"column":13}},{"start":{"line":47,"column":12},"end":{"line":50,"column":13}}],"line":47},"5":{"loc":{"start":{"line":100,"column":8},"end":{"line":159,"column":9}},"type":"switch","locations":[{"start":{"line":101,"column":10},"end":{"line":116,"column":16}},{"start":{"line":118,"column":10},"end":{"line":129,"column":57}},{"start":{"line":131,"column":10},"end":{"line":134,"column":18}},{"start":{"line":136,"column":10},"end":{"line":140,"column":16}},{"start":{"line":142,"column":10},"end":{"line":145,"column":18}},{"start":{"line":147,"column":10},"end":{"line":154,"column":16}},{"start":{"line":156,"column":10},"end":{"line":156,"column":18}},{"start":{"line":157,"column":10},"end":{"line":158,"column":36}}],"line":100},"6":{"loc":{"start":{"line":102,"column":12},"end":{"line":105,"column":13}},"type":"if","locations":[{"start":{"line":102,"column":12},"end":{"line":105,"column":13}},{"start":{"line":102,"column":12},"end":{"line":105,"column":13}}],"line":102},"7":{"loc":{"start":{"line":102,"column":16},"end":{"line":102,"column":91}},"type":"binary-expr","locations":[{"start":{"line":102,"column":16},"end":{"line":102,"column":41}},{"start":{"line":102,"column":45},"end":{"line":102,"column":91}}],"line":102},"8":{"loc":{"start":{"line":108,"column":12},"end":{"line":111,"column":13}},"type":"if","locations":[{"start":{"line":108,"column":12},"end":{"line":111,"column":13}},{"start":{"line":108,"column":12},"end":{"line":111,"column":13}}],"line":108},"9":{"loc":{"start":{"line":123,"column":12},"end":{"line":126,"column":13}},"type":"if","locations":[{"start":{"line":123,"column":12},"end":{"line":126,"column":13}},{"start":{"line":123,"column":12},"end":{"line":126,"column":13}}],"line":123}},"s":{"0":1,"1":1,"2":1,"3":1,"4":1,"5":1,"6":1,"7":1,"8":1,"9":1,"10":2,"11":5,"12":1,"13":1,"14":1,"15":1,"16":1,"17":0,"18":1,"19":1,"20":1,"21":0,"22":0,"23":1,"24":1,"25":1,"26":1,"27":1,"28":0,"29":1,"30":1,"31":1,"32":0,"33":0,"34":0,"35":1,"36":1,"37":1,"38":1,"39":1,"40":1,"41":0,"42":0,"43":0,"44":0,"45":0,"46":0,"47":0,"48":0,"49":0,"50":0,"51":0,"52":0,"53":0,"54":0,"55":0,"56":0,"57":0,"58":0,"59":0,"60":0,"61":0,"62":0,"63":0,"64":0,"65":0,"66":0,"67":0,"68":1,"69":0,"70":1},"f":{"0":1,"1":1,"2":2,"3":1,"4":1,"5":0,"6":0,"7":0},"b":{"0":[1,1,1,0,1,0,1,1],"1":[1,0],"2":[1,1],"3":[1,0],"4":[0,1],"5":[0,0,0,0,0,0,0,0],"6":[0,0],"7":[0,0],"8":[0,0],"9":[0,0]},"inputSourceMap":{"version":3,"sources":["auth.js"],"names":["jwt","require","models","adminProtect","req","res","next","headers","authorization","startsWith","token","split","status","json","success","error","decoded","verify","process","env","JWT_SECRET","role","Manager","findByPk","id","user","err","customerProtect","customers"],"mappings":";;;;;;;;;;;;;AAAA,IAAMA,GAAG,GAAGC,OAAO,CAAC,cAAD,CAAnB;;AACA,IAAMC,MAAM,GAAGD,OAAO,CAAC,iBAAD,CAAtB,C,CAEA;;;AACO,IAAME,YAAY;AAAA,2FAAG,iBAAOC,GAAP,EAAYC,GAAZ,EAAiBC,IAAjB;AAAA;AAAA;AAAA;AAAA;AAAA;AAExB,gBACIF,GAAG,CAACG,OAAJ,CAAYC,aAAZ,IACAJ,GAAG,CAACG,OAAJ,CAAYC,aAAZ,CAA0BC,UAA1B,CAAqC,QAArC,CAFJ,EAGE;AACE;AACAC,cAAAA,KAAK,GAAGN,GAAG,CAACG,OAAJ,CAAYC,aAAZ,CAA0BG,KAA1B,CAAgC,GAAhC,EAAqC,CAArC,CAAR;AACH,aARuB,CAUxB;;;AAVwB,gBAWnBD,KAXmB;AAAA;AAAA;AAAA;;AAAA,6CAYbL,GAAG,CAACO,MAAJ,CAAW,GAAX,EAAgBC,IAAhB,CAAqB;AACxBC,cAAAA,OAAO,EAAE,KADe;AAExBC,cAAAA,KAAK,EAAE;AAFiB,aAArB,CAZa;;AAAA;AAAA;AAmBpB;AACMC,YAAAA,OApBc,GAoBJhB,GAAG,CAACiB,MAAJ,CAAWP,KAAX,EAAkBQ,OAAO,CAACC,GAAR,CAAYC,UAA9B,CApBI;;AAAA,kBAqBhBJ,OAAO,CAACK,IAAR,KAAiB,OArBD;AAAA;AAAA;AAAA;;AAAA;AAAA,mBAsBCnB,MAAM,CAACoB,OAAP,CAAeC,QAAf,CAAwBP,OAAO,CAACQ,EAAhC,CAtBD;;AAAA;AAsBhBpB,YAAAA,GAAG,CAACqB,IAtBY;AAAA;AAAA;;AAAA;AAAA,6CAwBTpB,GAAG,CAACO,MAAJ,CAAW,GAAX,EAAgBC,IAAhB,CAAqB;AACxBC,cAAAA,OAAO,EAAE,KADe;AAExBC,cAAAA,KAAK,EAAE;AAFiB,aAArB,CAxBS;;AAAA;AA8BpBT,YAAAA,IAAI;AA9BgB;AAAA;;AAAA;AAAA;AAAA;AAAA,6CAgCbD,GAAG,CAACO,MAAJ,CAAW,GAAX,EAAgBC,IAAhB,CAAqB;AACxBC,cAAAA,OAAO,EAAE,KADe;AAExBC,cAAAA,KAAK,EAAE,sCAFiB;AAGxBW,cAAAA,GAAG;AAHqB,aAArB,CAhCa;;AAAA;AAAA;AAAA;AAAA;AAAA;AAAA;AAAA,GAAH;;AAAA,kBAAZvB,YAAY;AAAA;AAAA;AAAA,GAAlB;;;;AAwCA,IAAMwB,eAAe;AAAA,4FAAG,kBAAOvB,GAAP,EAAYC,GAAZ,EAAiBC,IAAjB;AAAA;AAAA;AAAA;AAAA;AAAA;AAE3B,gBACIF,GAAG,CAACG,OAAJ,CAAYC,aAAZ,IACAJ,GAAG,CAACG,OAAJ,CAAYC,aAAZ,CAA0BC,UAA1B,CAAqC,QAArC,CAFJ,EAGE;AACE;AACAC,cAAAA,KAAK,GAAGN,GAAG,CAACG,OAAJ,CAAYC,aAAZ,CAA0BG,KAA1B,CAAgC,GAAhC,EAAqC,CAArC,CAAR;AACH,aAR0B,CAS3B;;;AAT2B,gBAUtBD,KAVsB;AAAA;AAAA;AAAA;;AAAA,8CAWhBL,GAAG,CAACO,MAAJ,CAAW,GAAX,EAAgBC,IAAhB,CAAqB;AACxBC,cAAAA,OAAO,EAAE,KADe;AAExBC,cAAAA,KAAK,EAAE;AAFiB,aAArB,CAXgB;;AAAA;AAAA;AAkBvB;AACMC,YAAAA,OAnBiB,GAmBPhB,GAAG,CAACiB,MAAJ,CAAWP,KAAX,EAAkBQ,OAAO,CAACC,GAAR,CAAYC,UAA9B,CAnBO;;AAAA,kBAoBnBJ,OAAO,CAACK,IAAR,KAAiB,MApBE;AAAA;AAAA;AAAA;;AAAA;AAAA,mBAqBFnB,MAAM,CAAC0B,SAAP,CAAiBL,QAAjB,CAA0BP,OAAO,CAACQ,EAAlC,CArBE;;AAAA;AAqBnBpB,YAAAA,GAAG,CAACqB,IArBe;AAAA;AAAA;;AAAA;AAAA,8CAuBZpB,GAAG,CAACO,MAAJ,CAAW,GAAX,EAAgBC,IAAhB,CAAqB;AACxBC,cAAAA,OAAO,EAAE,KADe;AAExBC,cAAAA,KAAK,EAAE;AAFiB,aAArB,CAvBY;;AAAA;AA4BvBT,YAAAA,IAAI;AA5BmB;AAAA;;AAAA;AAAA;AAAA;AAAA,8CA8BhBD,GAAG,CAACO,MAAJ,CAAW,GAAX,EAAgBC,IAAhB,CAAqB;AACxBC,cAAAA,OAAO,EAAE,KADe;AAExBC,cAAAA,KAAK,EAAE,sCAFiB;AAGxBW,cAAAA,GAAG;AAHqB,aAArB,CA9BgB;;AAAA;AAAA;AAAA;AAAA;AAAA;AAAA;AAAA,GAAH;;AAAA,kBAAfC,eAAe;AAAA;AAAA;AAAA,GAArB","sourceRoot":"C:\\Users\\lenovo\\Desktop\\PROJECTS\\event-management-api-group6\\middleware\\","sourcesContent":["const jwt = require('jsonwebtoken');\r\nconst models = require('../models/index');\r\n\r\n// Protect routes\r\nexport const adminProtect = async (req, res, next) => {\r\n    let token;\r\n    if (\r\n        req.headers.authorization &&\r\n        req.headers.authorization.startsWith('Bearer')\r\n    ) {\r\n        // Set token from Bearer token in header\r\n        to
[...]
,CAAW,GAAX,EAAgBC,IAAhB,CAAqB;AAC1BD,cAAAA,MAAM,EAAE,GADkB;AAE1BE,cAAAA,KAAK,EAAE;AAFmB,aAArB,CAdS;;AAAA;AAAA,kBAoBde,OAAO,CAACH,UAAR,CAAmBX,UAAnB,KAAkCA,UApBpB;AAAA;AAAA;AAAA;;AAAA,8CAqBTX,GAAG,CAACQ,MAAJ,CAAW,GAAX,EAAgBC,IAAhB,CAAqB;AAC1BD,cAAAA,MAAM,EAAE,GADkB;AAE1BE,cAAAA,KAAK,EAAE;AAFmB,aAArB,CArBS;;AAAA;AAAA;AAAA,mBA2BOM,mBAAOC,OAAP,CAAeC,OAAf,CAAuB;AAC9CC,cAAAA,KAAK,EAAE;AACLN,gBAAAA,EAAE,EAAEC;AADC;AADuC,aAAvB,CA3BP;;AAAA;AA2BZM,YAAAA,UA3BY;AAgCZC,YAAAA,OAhCY,GAgCFD,UAAU,CAACE,UAAX,CAAsBC,iBAhCpB,EAiClB;;AAjCkB;AAAA,mBAkCUP,mBAAOS,OAAP,CAAeG,MAAf,CAAsB;AAChDpB,cAAAA,MAAM,EAAE;AADwC,aAAtB,EAEzB;AACDW,cAAAA,KAAK,EAAE;AACLN,gBAAAA,EAAE,EAAEqB;AADC;AADN,aAFyB,CAlCV;;AAAA;AAkCZC,YAAAA,aAlCY;;AAAA,iBA0CdA,aA1Cc;AAAA;AAAA;AAAA;;AA2CVC,YAAAA,KA3CU,GA2CFf,OAAO,CAACG,OAAR,CAAgBa,aAAa,CAAClC,UAA9B,CA3CE;AA4ChBkB,YAAAA,OAAO,CAACiB,MAAR,CAAeF,KAAf,EAAsB,CAAtB;AA5CgB;AAAA,mBA6CVhB,UAAU,CAACQ,MAAX,CAAkB;AACtBL,cAAAA,iBAAiB,EAAEF;AADG,aAAlB,CA7CU;;AAAA;AAAA,8CAiDTrB,GAAG,CAACQ,MAAJ,CAAW,GAAX,EAAgBC,IAAhB,CAAqB;AAC1BD,cAAAA,MAAM,EAAE,GADkB;AAE1BsB,cAAAA,OAAO,EAAE;AAFiB,aAArB,CAjDS;;AAAA;AAAA;AAAA;;AAAA;AAAA;AAAA;AAuDlBC,YAAAA,OAAO,CAACC,GAAR;AAvDkB,8CAwDX/B,IAAI,cAxDO;;AAAA;AAAA,8CA0DbD,GAAG,CAACQ,MAAJ,CAAW,GAAX,EAAgBC,IAAhB,CAAqB;AAC1BD,cAAAA,MAAM,EAAE,GADkB;AAE1BsB,cAAAA,OAAO,EAAE;AAFiB,aAArB,CA1Da;;AAAA;AAAA;AAAA;AAAA;AAAA;AAAA;AAAA,GAAH;;AAAA,kBAAbG,aAAa;AAAA;AAAA;AAAA,GAAnB;;;;AAgEA,IAAMM,iBAAiB;AAAA,4FAAG,kBAAOxC,GAAP,EAAYC,GAAZ,EAAiBC,IAAjB;AAAA;AAAA;AAAA;AAAA;AAAA;AAEtBiC,YAAAA,SAFsB,GAGpBnC,GAAG,CAACgB,MAHgB,CAEtBmB,SAFsB;AAIlBM,YAAAA,aAJkB,GAIFzC,GAAG,CAACa,IAAJ,CAAS6B,KAJP;AAAA;AAAA,mBAMEzB,mBAAOS,OAAP,CAAeiB,QAAf,CAAwBR,SAAxB,CANF;;AAAA;AAMlBS,YAAAA,WANkB;;AAAA,kBAOpBA,WAAW,CAACrB,UAAZ,CAAuBd,MAAvB,KAAkC,SAPd;AAAA;AAAA;AAAA;;AAAA,8CAQfR,GAAG,CAACQ,MAAJ,CAAW,GAAX,EAAgBC,IAAhB,CAAqB;AAC1BD,cAAAA,MAAM,EAAE,GADkB;AAE1BE,cAAAA,KAAK,EAAE;AAFmB,aAArB,CARe;;AAAA;AAAA;AAAA,mBAcHM,mBAAOC,OAAP,CAAeyB,QAAf,CAAwBC,WAAW,CAACrB,UAAZ,CAAuBR,QAA/C,CAdG;;AAAA;AAclB8B,YAAAA,MAdkB;AAelBC,YAAAA,YAfkB,GAeHD,MAAM,CAACtB,UAAP,CAAkBwB,KAAlB,GAA0B,GAfvB,EAgBxB;;AACMC,YAAAA,QAjBkB,GAiBPC,mBAAOC,WAAP,CAAmB,CAAnB,EAAsBC,QAAtB,CAA+B,KAA/B,CAjBO;AAmBlBC,YAAAA,GAnBkB,GAmBZC,IAAI,CAACC,SAAL,CAAe;AACzB,uBAASb,aADgB;AAEzB,wBAAUK,YAFe;AAGzB,2BAAaE;AAHY,aAAf,CAnBY;AAyBpBO,YAAAA,cAzBoB,GAyBH;AACnBC,cAAAA,MAAM,EAAE,MADW;AAEnBC,cAAAA,OAAO,EAAE;AACP,kDAA2BC,OAAO,CAACC,GAAR,CAAYC,eAAvC,CADO;AAEP,gCAAgB;AAFT,eAFU;AAMnBzD,cAAAA,IAAI,EAAEiD,GANa;AAOnBS,cAAAA,QAAQ,EAAE;AAPS,aAzBG;AAAA;AAAA;AAAA,mBAoCD,2BAAM,gDAAN,EAAwDN,cAAxD,CApCC;;AAAA;AAoChBO,YAAAA,MApCgB;AAAA;AAAA,mBAqCCA,MAAM,CAACpD,IAAP,EArCD;;AAAA;AAqChBqD,YAAAA,QArCgB;AAAA;AAAA,mBAuChB9C,mBAAOS,OAAP,CAAeG,MAAf,CAAsB;AAC1BmC,cAAAA,UAAU,EAAED,QAAQ,CAACE,IAAT,CAAcC;AADA,aAAtB,EAEH;AACD9C,cAAAA,KAAK,EAAE;AACLN,gBAAAA,EAAE,EAAEqB;AADC;AADN,aAFG,CAvCgB;;AAAA;AAAA,8CA+CflC,GAAG,CAACS,IAAJ,CAAS;AACdqD,cAAAA,QAAQ,EAARA;AADc,aAAT,CA/Ce;;AAAA;AAAA;AAAA;AAAA,8CAmDf7D,IAAI,cAnDW;;AAAA;AAAA;AAAA;AAAA;AAAA;AAAA;AAAA,GAAH;;AAAA,kBAAjBsC,iBAAiB;AAAA;AAAA;AAAA,GAAvB;;;;AAuDA,IAAM2B,aAAa;AAAA,4FAAG,kBAAOnE,GAAP,EAAYC,GAAZ,EAAiBC,IAAjB;AAAA;AAAA;AAAA;AAAA;AAAA;AAElBiC,YAAAA,SAFkB,GAGhBnC,GAAG,CAACgB,MAHY,CAElBmB,SAFkB;AAAA;AAAA,mBAKMlB,mBAAOS,OAAP,CAAeiB,QAAf,CAAwBR,SAAxB,CALN;;AAAA;AAKdS,YAAAA,WALc;;AAAA,kBAMhBA,WAAW,CAACrB,UAAZ,CAAuBd,MAAvB,KAAkC,SANlB;AAAA;AAAA;AAAA;;AAAA,8CAOXR,GAAG,CAACQ,MAAJ,CAAW,GAAX,EAAgBC,IAAhB,CAAqB;AAC1BD,cAAAA,MAAM,EAAE,GADkB;AAE1BE,cAAAA,KAAK,EAAE;AAFmB,aAArB,CAPW;;AAAA;AAAA,kBAahBiC,WAAW,CAACrB,UAAZ,CAAuByC,UAAvB,KAAsC,IAbtB;AAAA;AAAA;AAAA;;AAAA,8CAcX/D,GAAG,CAACQ,MAAJ,CAAW,GAAX,EAAgBC,IAAhB,CAAqB;AAC1BD,cAAAA,MAAM,EAAE,GADkB;AAE1BE,cAAAA,KAAK,EAAE;AAFmB,aAArB,CAdW;;AAAA;AAmBdyD,YAAAA,SAnBc,GAmBFxB,WAAW,CAACrB,UAAZ,CAAuByC,UAnBrB;AAqBhBT,YAAAA,cArBgB,GAqBC;AACnBC,cAAAA,MAAM,EAAE,KADW;AAEnBC,cAAAA,OAAO,EAAE;AACP,kDAA2BC,OAAO,CAACC,GAAR,CAAYC,eAAvC,CADO;AAEP,gCAAgB;AAFT;AAFU,aArBD;AAAA;AAAA;AAAA,mBA8BG,gFAAoDQ,SAApD,GAAiEb,cAAjE,CA9BH;;AAAA;AA8BZc,YAAAA,MA9BY;AAAA;AAAA,mBA+BKA,MAAM,CAAC3D,IAAP,EA/BL;;AAAA;AA+BZqD,YAAAA,QA/BY;;AAAA,kBAiCdA,QAAQ,CAACE,IAAT,CAAcxD,MAAd,KAAyB,SAjCX;AAAA;AAAA;AAAA;;AAAA;AAAA,mBAkCVQ,mBAAOS,OAAP,CAAeG,MAAf,CAAsB;AAC1BpB,cAAAA,MAAM,EAAE,MADkB;AAE1B6D,cAAAA,WAAW,EAAEP,QAAQ,CAACE,IAAT,CAAcM,MAFD;AAG1BC,cAAAA,OAAO,EAAET,QAAQ,CAACE,IAAT,CAAcO,OAHG;AAI1BC,cAAAA,OAAO,EAAEV,QAAQ,CAACE,IAAT,CAAcQ;AAJG,aAAtB,EAKH;AACDrD,cAAAA,KAAK,EAAE;AACLN,gBAAAA,EAAE,EAAEqB;AADC;AADN,aALG,CAlCU;;AAAA;AAAA,8CA6CTlC,GAAG,CAACQ,MAAJ,CAAW,GAAX,EAAgBC,IAAhB,CAAqB;AAC1BD,cAAAA,MAAM,EAAE,GADkB;AAE1BsB,cAAAA,OAAO,EAAE,oBAFiB;AAG1BgC,cAAAA,QAAQ,EAARA;AAH0B,aAArB,CA7CS;;AAAA;AAAA,8CAoDX9D,GAAG,CAACQ,MAAJ,CAAW,GAAX,EAAgBC,IAAhB,CAAqB;AAC1BD,cAAAA,MAAM,EAAE,GADkB;AAE1BE,cAAAA,KAAK,EAAE,6BAFmB;AAG1BoD,cAAAA,QAAQ,EAARA;AAH0B,aAArB,CApDW;;AAAA;AAAA;AAAA;AAAA,8CA2DX7D,IAAI,cA3DO;;AAAA;AAAA;AAAA;AAAA;AAAA;AAAA;AAAA,GAAH;;AAAA,kBAAbiE,aAAa;AAAA;AAAA;AAAA,GAAnB","sourceRoot":"C:\\Users\\lenovo\\Desktop\\PROJECTS\\event-management-api-group6\\controllers\\","sourcesContent":["import {\r\n  config\r\n} from 'dotenv';\r\nimport fetch from 'node-fetch';\r\nimport crypto from 'crypto';\r\n\r\nimport models from \"../models\";\r\n\r\nconfig();\r\n\r\nconst makeBooking = async (req, res, next) => {\r\n  const {\r\n    event_date,\r\n    from_time,\r\n    to_time,\r\n    purpose,\r\n    additional_info\r\n  } = req.body;\r\n\r\n  if (!event_date || !from_time || !to_time || !purpose) {\r\n    return res.status(400).json({\r\n      status: 400,\r\n      error: \"all required fileds must be filled before booking an event\"\r\n    });\r\n  }\r\n  const customerId = req.user.id;\r\n  const {\r\n    centerId\r\n  } = req.params;\r\n\r\n  try {\r\n    const findCenter = await models.Centers.findOne({\r\n      where: {\r\n        id: centerId\r\n      }\r\n    });\r\n\r\n    if (!findCenter) {\r\n      return res\r\n        .status(404)\r\n        .json({\r\n          status: 404,\r\n          error: \"cannot book an event hall that does not exist\"\r\n        });\r\n    }\r\n\r\n    const dateArr = findCenter.dataValues.dates_unavailable;\r\n    if (dateArr.indexOf(event_date) !== -1) {\r\n      return res.status(400).json({\r\n        status: 400,\r\n        error: \"Center already booked for this day\"\r\n      });\r\n    }\r\n\r\n    const booking = await models.booking.create({\r\n      event_date,\r\n      from_time,\r\n      to_time,\r\n      purpose,\r\n      customerId,\r\n      additional_info,\r\n      centerId\r\n    });\r\n    if (booking) {\r\n      dateArr.push(event_date);\r\n      await findCenter.update({\r\n        dates_unavailable: dateArr\r\n      });\r\n\r\n      return res.status(200).json({\r\n        status: 200,\r\n        success: \"you have successfully book this Hall\"\r\n      });\r\n    }\r\n\r\n    return res.status(500).json({\r\n      status: 500,\r\n      message: \"Unable to make booking at the moment\"\r\n    });\r\n  } catch (error) {\r\n    console.log(error);\r\n    return next(error);\r\n  }\r\n};\r\n\r\nconst cancelBooking = async (req, res, next) => {\r\n  const customerId = req.user.id;\r\n  const bookingId = req.params.bookingId;\r\n  const centerId = req.params.centerId;\r\n\r\n  //confirm if it is the same customer that made the booking\r\n  try {\r\n    const booking = await models.booking.findOne({\r\n      where: {\r\n        id: bookingId\r\n      }\r\n    });\r\n\r\n    if (!booking) {\r\n      return res.status(404).json({\r\n        status: 404,\r\n        error: \"Invalid booking Id\"\r\n      });\r\n    }\r\n\r\n    if (booking.dataValues.customerId !== customerId) {\r\n      return res.status(403).json({\r\n        status: 403,\r\n        error: \"Sorry you cannot cancel this booking\"\r\n      });\r\n    }\r\n\r\n    const findCenter = await models.Centers.findOne({\r\n      where: {\r\n        id: centerId\r\n      }\r\n    });\r\n    const dateArr = findCenter.dataValues.dates_unavailable;\r\n    // set booking status to cancel\r\n    const deleteBooking = await models.booking.update({\r\n      status: \"cancelled\"\r\n    }, {\r\n      where: {\r\n        id: bookingId\r\n      }\r\n    });\r\n\r\n    if (deleteBooking) {\r\n      const index = dateArr.indexOf(checkCustomer.event_date);\r\n      dateArr.splice(index, 1);\r\n      await findCenter.update({\r\n        dates_unavailable: dateArr\r\n      });\r\n\r\n      return res.status(200).json({\r\n        status: 200,\r\n        message: \"This booking has been canceled\"\r\n      });\r\n    }\r\n  } catch (error) {\r\n    console.log(error);\r\n    return next(error);\r\n  }\r\n  return res.status(200).json({\r\n    status: 500,\r\n    message: \"You cannot cancel this booking at this time\"\r\n  });\r\n};\r\n\r\nconst initializePayment = async (req, res, next) => {\r\n  const {\r\n    bookingId\r\n  } = req.params;\r\n  const customerEmail = req.user.email;\r\n\r\n  const madeBooking = await models.booking.findByPk(bookingId);\r\n  if (madeBooking.dataValues.status !== 'Pending') {\r\n    return res.status(400).json({\r\n      status: 400,\r\n      error: 'Center already paid for or declined by admin'\r\n    });\r\n  }\r\n  // Find center booking is being made for\r\n  const center = await models.Centers.findByPk(madeBooking.dataValues.centerId);\r\n  const centerAmount = center.dataValues.price * 100;\r\n  // generate reference token\r\n  const refToken = crypto.randomBytes(5).toString('hex');\r\n\r\n  const raw = JSON.stringify({\r\n    \"email\": customerEmail,\r\n    \"amount\": centerAmount,\r\n    \"reference\": refToken,\r\n  });\r\n\r\n  let requestOptions = {\r\n    method: 'POST',\r\n    headers: {\r\n      'Authorization': `Bearer ${process.env.PAYSTACK_SECRET}`,\r\n      'Content-Type': 'application/json'\r\n    },\r\n    body: raw,\r\n    redirect: 'follow'\r\n  };\r\n\r\n  try {\r\n    const payNow = await fetch(\"https://api.paystack.co/transaction/initialize\", requestOptions);\r\n    const response = await payNow.json();\r\n    // update booking referrence field\r\n    await models.booking.update({\r\n      referrence: response.data.reference\r\n    }, {\r\n      where: {\r\n        id: bookingId\r\n      }\r\n    });\r\n\r\n    return res.json({\r\n      response\r\n    });\r\n  } catch (error) {\r\n    return next(error);\r\n  }\r\n}\r\n\r\nconst verifyPayment = async (req, res, next) => {\r\n  const {\r\n    bookingId\r\n  } = req.params;\r\n\r\n  const madeBooking = await models.booking.findByPk(bookingId);\r\n  if (madeBooking.dataValues.status !== 'Pending') {\r\n    return res.status(400).json({\r\n      status: 400,\r\n      error: 'Center already paid for or declined by admin'\r\n    });\r\n  }\r\n\r\n  if (madeBooking.dataValues.referrence === null) {\r\n    return res.status(400).json({\r\n      status: 400,\r\n      error: 'Payment has not been initialized for this booking'\r\n    });\r\n  }\r\n  const REFERENCE = madeBooking.dataValues.referrence;\r\n\r\n  let requestOptions = {\r\n    method: 'GET',\r\n    headers: {\r\n      'Authorization': `Bearer ${process.env.PAYSTACK_SECRET}`,\r\n      'Content-Type': 'application/json'\r\n    }\r\n  };\r\n\r\n  try {\r\n    const verify = await fetch(`https://api.paystack.co/transaction/verify/${REFERENCE}`, requestOptions);\r\n    const response = await verify.json();\r\n    // if success, change status to Paid, set the amount_paid, set paid_at, set channel,\r\n    if (response.data.status === 'success') {\r\n      await models.booking.update({\r\n        status: 'Paid',\r\n        amount_paid: response.data.amount,\r\n        paid_at: response.data.paid_at,\r\n        channel: response.data.channel\r\n      }, {\r\n        where: {\r\n          id: bookingId\r\n        }\r\n      });\r\n\r\n      return res.status(200).json({\r\n        status: 200,\r\n        message: 'Payment successful',\r\n        response\r\n      });\r\n    }\r\n\r\n    return res.status(400).json({\r\n      status: 400,\r\n      error: 'Payment verification failed',\r\n      response\r\n    });\r\n\r\n  } catch (error) {\r\n    return next(error);\r\n  }\r\n}\r\n\r\nexport {\r\n  makeBooking,\r\n  cancelBooking,\r\n  initializePayment,\r\n  verifyPayment\r\n};"]},"_coverageSchema":"1a1c01bbd47fc00a2c39e90264f33305004495a9","hash":"2ab27a46364ba06e6cddb5379e9b1c99f81c3d2c","contentHash":"99cbebe062370951dbbefa3a5e6034aadc4bd0fe73c59d12ddc3075c8cf91968"},"C:\\Users\\lenovo\\Desktop\\PROJECTS\\event-management-api-group6\\config\\dbconnection.js":{"path":"C:\\Users\\lenovo\\Desktop\\PROJECTS\\event-management-api-group6\\config\\dbconnection.js","statementMap":{"0":{"start":{"line":3,"column":29},"end":{"line":3,"column":84}},"1":{"start":{"line":5,"column":0},"end":{"line":7,"column":3}},"2":{"start":{"line":8,"column":0},"end":{"line":8,"column":26}},"3":{"start":{"line":9,"column":0},"end":{"line":9,"column":32}},"4":{"start":{"line":11,"column":19},"end":{"line":11,"column":80}},"5":{"start":{"line":13,"column":25},"end":{"line":13,"column":99}},"6":{"start":{"line":15,"column":17},"end":{"line":15,"column":37}},"7":{"start":{"line":17,"column":14},"end":{"line":17,"column":31}},"8":{"start":{"line":19,"column":13},"end":{"line":19,"column":63}},"9":{"start":{"line":22,"column":0},"end":{"line":22,"column":22}},"10":{"start":{"line":24,"column":0},"end":{"line":27,"column":1}},"11":{"start":{"line":26,"column":2},"end":{"line":26,"column":44}},"12":{"start":{"line":29,"column":16},"end":{"line":33,"column":2}},"13":{"start":{"line":36,"column":2},"end":{"line":36,"column":41}},"14":{"start":{"line":40,"column":2},"end":{"line":65,"column":6}},"15":{"start":{"line":41,"column":4},"end":{"line":64,"column":32}},"16":{"start":{"line":42,"column":6},"end":{"line":63,"column":7}},"17":{"start":{"line":43,"column":8},"end":{"line":62,"column":9}},"18":{"start":{"line":45,"column":12},"end":{"line":45,"column":30}},"19":{"start":{"line":46,"column":12},"end":{"line":46,"column":30}},"20":{"start":{"line":47,"column":12},"end":{"line":47,"column":44}},"21":{"start":{"line":50,"column":12},"end":{"line":50,"column":65}},"22":{"start":{"line":51,"column":12},"end":{"line":51,"column":30}},"23":{"start":{"line":52,"column":12},"end":{"line":52,"column":18}},"24":{"start":{"line":55,"column":12},"end":{"line":55,"column":30}},"25":{"start":{"line":56,"column":12},"end":{"line":56,"column":47}},"26":{"start":{"line":57,"column":12},"end":{"line":57,"column":77}},"27":{"start":{"line":61,"column":12},"end":{"line":61,"column":35}},"28":{"start":{"line":66,"column":2},"end":{"line":66,"column":41}},"29":{"start":{"line":70,"column":2},"end":{"line":77,"column":5}},"30":{"start":{"line":74,"column":4},"end":{"line":74,"column":62}},"31":{"start":{"line":76,"column":4},"end":{"line":76,"column":52}}},"fnMap":{"0":{"name":"connect","decl":{"start":{"line":35,"column":9},"end":{"line":35,"column":16}},"loc":{"start":{"line":35,"column":19},"end":{"line":37,"column":1}},"line":35},"1":{"name":"_connect","decl":{"start":{"line":39,"column":9},"end":{"line":39,"column":17}},"loc":{"start":{"line":39,"column":20},"end":{"line":67,"column":1}},"line":39},"2":{"name":"_callee","decl":{"start":{"line":40,"column":100},"end":{"line":40,"column":107}},"loc":{"start":{"line":40,"column":110},"end":{"line":65,"column":3}},"line":40},"3":{"name":"_callee$","decl":{"start":{"line":41,"column":49},"end":{"line":41,"column":57}},"loc":{"start":{"line":41,"column":68},"end":{"line":64,"column":5}},"line":41},"4":{"name":"dropTables","decl":{"start":{"line":69,"column":9},"end":{"line":69,"column":19}},"loc":{"start":{"line":69,"column":22},"end":{"line":78,"column":1}},"line":69},"5":{"name":"(anonymous_5)","decl":{"start":{"line":73,"column":10},"end":{"line":73,"column":11}},"loc":{"start":{"line":73,"column":28},"end":{"line":75,"column":3}},"line":73},"6":{"name":"(anonymous_6)","decl":{"start":{"line":75,"column":14},"end":{"line":75,"column":15}},"loc":{"start":{"line":75,"column":31},"end":{"line":77,"column":3}},"line":75}},"branchMap":{"0":{"loc":{"start":{"line":24,"column":0},"end":{"line":27,"column":1}},"type":"if","locations":[{"start":{"line":24,"column":0},"end":{"line":27,"column":1}},{"start":{"line":24,"column":0},"end":{"line":27,"column":1}}],"line":24},"1":{"loc":{"start":{"line":43,"column":8},"end":{"line":62,"column":9}},"type":"switch","locations":[{"start":{"line":44,"column":10},"end":{"line":47,"column":44}},{"start":{"line":49,"column":10},"end":{"line":52,"column":18}},{"start":{"line":54,"column":10},"end":{"line":57,"column":77}},{"start":{"line":59,"column":10},"end":{"line":59,"column":17}},{"start":{"line":60,"column":10},"end":{"line":61,"column":35}}],"line":43}},"s":{"0":1,"1":1,"2":1,"3":1,"4":1,"5":1,"6":1,"7":1,"8":1,"9":1,"10":1,"11":1,"12":1,"13":1,"14":1,"15":1,"16":2,"17":3,"18":1,"19":1,"20":1,"21":1,"22":1,"23":1,"24":0,"25":0,"26":0,"27":1,"28":1,"29":0,"30":0,"31":0},"f":{"0":1,"1":1,"2":1,"3":2,"4":0,"5":0,"6":0},"b":{"0":[1,0],"1":[1,1,0,1,1]},"inputSourceMap":{"version":3,"sources":["dbconnection.js"],"names":["process","env","NODE_ENV","DB_NAME","sequelize","Sequelize","DB_USER","DB_PASS","host","DB_HOST","dialect","logging","connect","authenticate","console","log","error","dropTables","models","sync","force","then","result"],"mappings":";;;;;;;;;;;;;;AACA;;AACA;;AAEA;;AAJA;AAMA;;AAEA,IAAIA,OAAO,CAACC,GAAR,CAAYC,QAAZ,KAAyB,MAA7B,EAAqC;AACnC;AACAF,EAAAA,OAAO,CAACC,GAAR,CAAYE,OAAZ,GAAsB,mBAAtB;AACD;;AACD,IAAMC,SAAS,GAAG,IAAIC,oBAAJ,CAChBL,OAAO,CAACC,GAAR,CAAYE,OADI,EAEhBH,OAAO,CAACC,GAAR,CAAYK,OAFI,EAGhBN,OAAO,CAACC,GAAR,CAAYM,OAHI,EAIhB;AACEC,EAAAA,IAAI,EAAER,OAAO,CAACC,GAAR,CAAYQ,OADpB;AAEEC,EAAAA,OAAO,EAAE,UAFX;AAGEC,EAAAA,OAAO,EAAE;AAHX,CAJgB,CAAlB;;SAWeC,O;;;;;2FAAf;AAAA;AAAA;AAAA;AAAA;AAAA;AAAA;AAAA,mBAEUR,SAAS,CAACS,YAAV,EAFV;;AAAA;AAGIC,YAAAA,OAAO,CAACC,GAAR,CAAY,uCAAZ;AAHJ;AAAA;;AAAA;AAAA;AAAA;AAKID,YAAAA,OAAO,CAACE,KAAR,CAAc,oCAAd;;AALJ;AAAA;AAAA;AAAA;AAAA;AAAA;AAAA,G;;;;AASA,SAASC,UAAT,GAAsB;AACpBC,oBAAOd,SAAP,CACGe,IADH,CACQ;AACJC,IAAAA,KAAK,EAAE,IADH;AAEJT,IAAAA,OAAO,EAAE;AAFL,GADR,EAKGU,IALH,CAKQ,UAACC,MAAD,EAAY;AAChBR,IAAAA,OAAO,CAACC,GAAR,CAAY,4CAAZ;AACD,GAPH,WAQS,UAACC,KAAD;AAAA,WAAWF,OAAO,CAACC,GAAR,CAAY,oBAAZ,EAAkCC,KAAlC,CAAX;AAAA,GART;AASD,C,CACD;AACA;AACA;AACA;AACA;AACA;AACA;AACA;AACA;AACA","sourceRoot":"C:\\Users\\lenovo\\Desktop\\PROJECTS\\event-management-api-group6\\config\\","sourcesContent":["// Database connection function goes here\r\nimport { Sequelize } from \"sequelize\";\r\nimport { config } from \"dotenv\";\r\n\r\nimport models from \"../models/index\";\r\n\r\nconfig();\r\n\r\nif (process.env.NODE_ENV === \"test\") {\r\n  // switch database to test database\r\n  process.env.DB_NAME = \"event_mgt_test_db\";\r\n}\r\nconst sequelize = new Sequelize(\r\n  process.env.DB_NAME,\r\n  process.env.DB_USER,\r\n  process.env.DB_PASS,\r\n  {\r\n    host: process.env.DB_HOST,\r\n    dialect: \"postgres\",\r\n    logging: false,\r\n  }\r\n);\r\n\r\nasync function connect() {\r\n  try {\r\n    await sequelize.authenticate();\r\n    console.log(\"Successfully connected to database...\");\r\n  } catch (error) {\r\n    console.error(\"Unable to connect to the database:\", error);\r\n  }\r\n}\r\n\r\nfunction dropTables() {\r\n  models.sequelize\r\n    .sync({\r\n      force: true,\r\n      logging: false,\r\n    })\r\n    .then((result) => {\r\n      console.log(\"All models were synchronized successfully.\");\r\n    })\r\n    .catch((error) => console.log(\"An error occured: \", error));\r\n}\r\n// async function dropTables() {\r\n//   try {\r\n//     await models.sequelize.sync({\r\n//       force: true,\r\n//     });\r\n//     console.log(\"All models were synchronized successfully.\");\r\n//   } catch (error) {\r\n//     console.error('Could not drop table', error);\r\n//   }\r\n// }\r\n\r\nexport { connect, dropTables };\r\n"]},"_coverageSchema":"1a1c01bbd47fc00a2c39e90264f33305004495a9","hash":"ab962bb0606c7ccce798efb909271f948392edf1","contentHash":"686fc87ffd6a6a82b0a70c9ff6442f5992a2fe5730cf455c4ab5283bea9f9942"}}